[  1%] Built target ros2_sensor_pkg__rs
[  3%] Generating type hashes for ROS interfaces
[  3%] Built target ament_cmake_python_copy_ros2_sensor_pkg
running egg_info
writing ros2_sensor_pkg.egg-info/PKG-INFO
writing dependency_links to ros2_sensor_pkg.egg-info/dependency_links.txt
writing top-level names to ros2_sensor_pkg.egg-info/top_level.txt
reading manifest file 'ros2_sensor_pkg.egg-info/SOURCES.txt'
writing manifest file 'ros2_sensor_pkg.egg-info/SOURCES.txt'
[  3%] Built target ament_cmake_python_build_ros2_sensor_pkg_egg
Traceback (most recent call last):
  File "/opt/ros/jazzy/lib/rosidl_generator_type_description/rosidl_generator_type_description", line 50, in <module>
    sys.exit(main())
             ^^^^^^
  File "/opt/ros/jazzy/lib/rosidl_generator_type_description/rosidl_generator_type_description", line 46, in main
    generate_type_hash(args.generator_arguments_file)
  File "/opt/ros/jazzy/lib/python3.12/site-packages/rosidl_generator_type_description/__init__.py", line 160, in generate_type_hash
    pkg_dir = include_map[pkg]
              ~~~~~~~~~~~^^^^^
KeyError: 'ros2_fts'
gmake[2]: *** [CMakeFiles/ros2_sensor_pkg__rosidl_generator_type_description.dir/build.make:79: rosidl_generator_type_description/ros2_sensor_pkg/msg/LoneSensor.json] Error 1
gmake[1]: *** [CMakeFiles/Makefile2:234: CMakeFiles/ros2_sensor_pkg__rosidl_generator_type_description.dir/all] Error 2
gmake: *** [Makefile:146: all] Error 2
