[0.006s] Invoking command in '/home/lennart/Dev/test/ros2_robothands/src/ros2_sensor_pkg/build/ros2_sensor_pkg': CMAKE_PREFIX_PATH=${CMAKE_PREFIX_PATH}:/opt/ros/jazzy DEBUGINFOD_URLS=https://debuginfod.ubuntu.com /usr/bin/cmake /home/lennart/Dev/test/ros2_robothands/src/ros2_sensor_pkg -DCMAKE_INSTALL_PREFIX=/home/lennart/Dev/test/ros2_robothands/src/ros2_sensor_pkg/install/ros2_sensor_pkg
[0.103s] -- The C compiler identification is GNU 13.3.0
[0.188s] -- The CXX compiler identification is GNU 13.3.0
[0.200s] -- Detecting C compiler ABI info
[0.262s] -- Detecting C compiler ABI info - done
[0.267s] -- Check for working C compiler: /usr/bin/cc - skipped
[0.268s] -- Detecting C compile features
[0.269s] -- Detecting C compile features - done
[0.276s] -- Detecting CXX compiler ABI info
[0.340s] -- Detecting CXX compiler ABI info - done
[0.345s] -- Check for working CXX compiler: /usr/bin/c++ - skipped
[0.345s] -- Detecting CXX compile features
[0.346s] -- Detecting CXX compile features - done
[0.351s] -- Found ament_cmake: 2.5.6 (/opt/ros/jazzy/share/ament_cmake/cmake)
[0.440s] -- Found Python3: /usr/bin/python3 (found version "3.12.3") found components: Interpreter 
[0.515s] -- Found rosidl_default_generators: 1.6.0 (/opt/ros/jazzy/share/rosidl_default_generators/cmake)
[0.519s] -- Using all available rosidl_typesupport_c: rosidl_typesupport_fastrtps_c;rosidl_typesupport_introspection_c
[0.555s] -- Using all available rosidl_typesupport_cpp: rosidl_typesupport_fastrtps_cpp;rosidl_typesupport_introspection_cpp
[0.592s] -- Found rosidl_adapter: 4.6.7 (/opt/ros/jazzy/share/rosidl_adapter/cmake)
[0.594s] -- Found std_msgs: 5.3.7 (/opt/ros/jazzy/share/std_msgs/cmake)
[0.970s] -- Found ament_cmake_ros: 0.12.0 (/opt/ros/jazzy/share/ament_cmake_ros/cmake)
[1.241s] -- Using all available rosidl_typesupport_c: rosidl_typesupport_fastrtps_c;rosidl_typesupport_introspection_c
[1.604s] -- Using all available rosidl_typesupport_cpp: rosidl_typesupport_fastrtps_cpp;rosidl_typesupport_introspection_cpp
[1.607s] -- Found python_cmake_module: 0.11.1 (/opt/ros/jazzy/share/python_cmake_module/cmake)
[1.685s] -- Found PythonExtra: /usr/bin/python3  
[1.935s] -- Found Python3: /usr/bin/python3 (found version "3.12.3") found components: Interpreter Development NumPy Development.Module Development.Embed 
[1.999s] -- Found Python3: /usr/bin/python3 (found version "3.12.3") found components: Interpreter 
[2.003s] -- Found ament_lint_auto: 0.17.5 (/opt/ros/jazzy/share/ament_lint_auto/cmake)
[2.029s] -- Added test 'copyright' to check source files copyright and LICENSE
[2.046s] -- Added test 'cppcheck' to perform static code analysis on C / C++ code
[2.046s] -- Configured cppcheck include dirs: $<BUILD_INTERFACE:/home/lennart/Dev/test/ros2_robothands/src/ros2_sensor_pkg/build/ros2_sensor_pkg/rosidl_generator_c>;$<BUILD_INTERFACE:/home/lennart/Dev/test/ros2_robothands/src/ros2_sensor_pkg/build/ros2_sensor_pkg/rosidl_typesupport_fastrtps_c>;$<BUILD_INTERFACE:/home/lennart/Dev/test/ros2_robothands/src/ros2_sensor_pkg/build/ros2_sensor_pkg/rosidl_typesupport_introspection_c>;$<BUILD_INTERFACE:/home/lennart/Dev/test/ros2_robothands/src/ros2_sensor_pkg/build/ros2_sensor_pkg/rosidl_generator_cpp>;$<BUILD_INTERFACE:/home/lennart/Dev/test/ros2_robothands/src/ros2_sensor_pkg/build/ros2_sensor_pkg/rosidl_typesupport_fastrtps_cpp>;$<BUILD_INTERFACE:/home/lennart/Dev/test/ros2_robothands/src/ros2_sensor_pkg/build/ros2_sensor_pkg/rosidl_typesupport_introspection_cpp>;/home/lennart/Dev/test/ros2_robothands/src/ros2_sensor_pkg/build/ros2_sensor_pkg/rosidl_generator_c;/home/lennart/Dev/test/ros2_robothands/src/ros2_sensor_pkg/build/ros2_sensor_pkg/rosidl_generator_py
[2.046s] -- Configured cppcheck exclude dirs and/or files: 
[2.064s] -- Added test 'cpplint' to check C / C++ code against the Google style
[2.064s] -- Configured cpplint exclude dirs and/or files: 
[2.068s] -- Added test 'flake8' to check Python code syntax and style conventions
[2.068s] -- Configured 'flake8' exclude dirs and/or files: 
[2.072s] -- Added test 'lint_cmake' to check CMake code style
[2.074s] -- Added test 'pep257' to check Python code against some of the docstring style conventions in PEP 257
[2.090s] -- Added test 'uncrustify' to check C / C++ code style
[2.090s] -- Configured uncrustify additional arguments: 
[2.094s] -- Added test 'xmllint' to check XML markup files
[2.096s] -- Configuring done (2.1s)
[2.119s] -- Generating done (0.0s)
[2.127s] -- Build files have been written to: /home/lennart/Dev/test/ros2_robothands/src/ros2_sensor_pkg/build/ros2_sensor_pkg
[2.133s] Invoked command in '/home/lennart/Dev/test/ros2_robothands/src/ros2_sensor_pkg/build/ros2_sensor_pkg' returned '0': CMAKE_PREFIX_PATH=${CMAKE_PREFIX_PATH}:/opt/ros/jazzy DEBUGINFOD_URLS=https://debuginfod.ubuntu.com /usr/bin/cmake /home/lennart/Dev/test/ros2_robothands/src/ros2_sensor_pkg -DCMAKE_INSTALL_PREFIX=/home/lennart/Dev/test/ros2_robothands/src/ros2_sensor_pkg/install/ros2_sensor_pkg
[2.134s] Invoking command in '/home/lennart/Dev/test/ros2_robothands/src/ros2_sensor_pkg/build/ros2_sensor_pkg': CMAKE_PREFIX_PATH=${CMAKE_PREFIX_PATH}:/opt/ros/jazzy DEBUGINFOD_URLS=https://debuginfod.ubuntu.com /usr/bin/cmake --build /home/lennart/Dev/test/ros2_robothands/src/ros2_sensor_pkg/build/ros2_sensor_pkg -- -j16 -l16
[2.169s] [  1%] [34m[1mGenerating Rust code for ROS interfaces[0m
[2.171s] [  3%] [34m[1mGenerating type hashes for ROS interfaces[0m
[2.174s] [  3%] Built target ament_cmake_python_copy_ros2_sensor_pkg
[2.289s] running egg_info
[2.290s] creating ros2_sensor_pkg.egg-info
[2.299s] writing ros2_sensor_pkg.egg-info/PKG-INFO
[2.300s] writing dependency_links to ros2_sensor_pkg.egg-info/dependency_links.txt
[2.300s] writing top-level names to ros2_sensor_pkg.egg-info/top_level.txt
[2.300s] writing manifest file 'ros2_sensor_pkg.egg-info/SOURCES.txt'
[2.313s] [  3%] Built target ros2_sensor_pkg__rs
[2.330s] reading manifest file 'ros2_sensor_pkg.egg-info/SOURCES.txt'
[2.331s] writing manifest file 'ros2_sensor_pkg.egg-info/SOURCES.txt'
[2.346s] [  3%] Built target ament_cmake_python_build_ros2_sensor_pkg_egg
[3.455s] Traceback (most recent call last):
[3.455s]   File "/opt/ros/jazzy/lib/rosidl_generator_type_description/rosidl_generator_type_description", line 50, in <module>
[3.455s]     sys.exit(main())
[3.455s]              ^^^^^^
[3.455s]   File "/opt/ros/jazzy/lib/rosidl_generator_type_description/rosidl_generator_type_description", line 46, in main
[3.455s]     generate_type_hash(args.generator_arguments_file)
[3.455s]   File "/opt/ros/jazzy/lib/python3.12/site-packages/rosidl_generator_type_description/__init__.py", line 160, in generate_type_hash
[3.455s]     pkg_dir = include_map[pkg]
[3.455s]               ~~~~~~~~~~~^^^^^
[3.455s] KeyError: 'ros2_fts'
[3.475s] gmake[2]: *** [CMakeFiles/ros2_sensor_pkg__rosidl_generator_type_description.dir/build.make:79: rosidl_generator_type_description/ros2_sensor_pkg/msg/LoneSensor.json] Error 1
[3.475s] gmake[1]: *** [CMakeFiles/Makefile2:234: CMakeFiles/ros2_sensor_pkg__rosidl_generator_type_description.dir/all] Error 2
[3.475s] gmake: *** [Makefile:146: all] Error 2
[3.477s] Invoked command in '/home/lennart/Dev/test/ros2_robothands/src/ros2_sensor_pkg/build/ros2_sensor_pkg' returned '2': CMAKE_PREFIX_PATH=${CMAKE_PREFIX_PATH}:/opt/ros/jazzy DEBUGINFOD_URLS=https://debuginfod.ubuntu.com /usr/bin/cmake --build /home/lennart/Dev/test/ros2_robothands/src/ros2_sensor_pkg/build/ros2_sensor_pkg -- -j16 -l16
