[0.006s] Invoking command in '/home/lennart/Dev/test/ros2_robothands/src/ros2_sensor_pkg/build/ros2_sensor_pkg': CMAKE_PREFIX_PATH=${CMAKE_PREFIX_PATH}:/opt/ros/jazzy DEBUGINFOD_URLS=https://debuginfod.ubuntu.com /usr/bin/cmake /home/lennart/Dev/test/ros2_robothands/src/ros2_sensor_pkg -DCMAKE_INSTALL_PREFIX=/home/lennart/Dev/test/ros2_robothands/src/ros2_sensor_pkg/install/ros2_sensor_pkg
[0.014s] -- Found ament_cmake: 2.5.6 (/opt/ros/jazzy/share/ament_cmake/cmake)
[0.113s] -- Found rosidl_default_generators: 1.6.0 (/opt/ros/jazzy/share/rosidl_default_generators/cmake)
[0.114s] -- Using all available rosidl_typesupport_c: rosidl_typesupport_fastrtps_c;rosidl_typesupport_introspection_c
[0.151s] -- Using all available rosidl_typesupport_cpp: rosidl_typesupport_fastrtps_cpp;rosidl_typesupport_introspection_cpp
[0.182s] -- Found rosidl_adapter: 4.6.7 (/opt/ros/jazzy/share/rosidl_adapter/cmake)
[0.185s] -- Found std_msgs: 5.3.7 (/opt/ros/jazzy/share/std_msgs/cmake)
[0.296s] [31mCMake Error at /opt/ros/jazzy/share/rosidl_adapter/cmake/rosidl_adapt_interfaces.cmake:57 (message):
[0.296s]   execute_process(/home/lennart/miniconda3/envs/cycleIK/bin/python3 -m
[0.296s]   rosidl_adapter --package-name ros2_sensor_pkg --arguments-file
[0.296s]   /home/lennart/Dev/test/ros2_robothands/src/ros2_sensor_pkg/build/ros2_sensor_pkg/rosidl_adapter__arguments__ros2_sensor_pkg.json
[0.296s]   --output-dir
[0.296s]   /home/lennart/Dev/test/ros2_robothands/src/ros2_sensor_pkg/build/ros2_sensor_pkg/rosidl_adapter/ros2_sensor_pkg
[0.296s]   --output-file
[0.296s]   /home/lennart/Dev/test/ros2_robothands/src/ros2_sensor_pkg/build/ros2_sensor_pkg/rosidl_adapter/ros2_sensor_pkg.idls)
[0.296s]   returned error code 1:
[0.296s] 
[0.296s]   Traceback (most recent call last):
[0.296s] 
[0.296s]     File "/home/lennart/miniconda3/envs/cycleIK/lib/python3.10/runpy.py", line 196, in _run_module_as_main
[0.297s]       return _run_code(code, main_globals, None,
[0.297s]     File "/home/lennart/miniconda3/envs/cycleIK/lib/python3.10/runpy.py", line 86, in _run_code
[0.297s]       exec(code, run_globals)
[0.297s]     File "/opt/ros/jazzy/lib/python3.12/site-packages/rosidl_adapter/__main__.py", line 19, in <module>
[0.297s]       sys.exit(main())
[0.297s]     File "/opt/ros/jazzy/lib/python3.12/site-packages/rosidl_adapter/main.py", line 53, in main
[0.297s]       abs_idl_file = convert_to_idl(
[0.297s]     File "/opt/ros/jazzy/lib/python3.12/site-packages/rosidl_adapter/__init__.py", line 18, in convert_to_idl
[0.297s]       from rosidl_adapter.msg import convert_msg_to_idl
[0.297s]     File "/opt/ros/jazzy/lib/python3.12/site-packages/rosidl_adapter/msg/__init__.py", line 16, in <module>
[0.297s]       from rosidl_adapter.resource import expand_template
[0.297s]     File "/opt/ros/jazzy/lib/python3.12/site-packages/rosidl_adapter/resource/__init__.py", line 19, in <module>
[0.297s]       import em
[0.297s] 
[0.297s]   ModuleNotFoundError: No module named 'em'
[0.297s] 
[0.297s] Call Stack (most recent call first):
[0.297s]   /opt/ros/jazzy/share/rosidl_cmake/cmake/rosidl_generate_interfaces.cmake:132 (rosidl_adapt_interfaces)
[0.297s]   CMakeLists.txt:8 (rosidl_generate_interfaces)
[0.297s] 
[0.297s] [0m
[0.297s] -- Configuring incomplete, errors occurred!
[0.300s] Invoked command in '/home/lennart/Dev/test/ros2_robothands/src/ros2_sensor_pkg/build/ros2_sensor_pkg' returned '1': CMAKE_PREFIX_PATH=${CMAKE_PREFIX_PATH}:/opt/ros/jazzy DEBUGINFOD_URLS=https://debuginfod.ubuntu.com /usr/bin/cmake /home/lennart/Dev/test/ros2_robothands/src/ros2_sensor_pkg -DCMAKE_INSTALL_PREFIX=/home/lennart/Dev/test/ros2_robothands/src/ros2_sensor_pkg/install/ros2_sensor_pkg
