[0.006s] Invoking command in '/home/lennart/Dev/test/ros2_robothands/src/ros2_sensor_pkg/build/ros2_sensor_pkg': DEBUGINFOD_URLS=https://debuginfod.ubuntu.com /usr/bin/cmake /home/lennart/Dev/test/ros2_robothands/src/ros2_sensor_pkg -DCMAKE_INSTALL_PREFIX=/home/lennart/Dev/test/ros2_robothands/src/ros2_sensor_pkg/install/ros2_sensor_pkg
[0.049s] -- Found ament_cmake: 2.5.6 (/opt/ros/jazzy/share/ament_cmake/cmake)
[0.139s] Traceback (most recent call last):
[0.139s]   File "/opt/ros/jazzy/share/ament_cmake_core/cmake/package_templates/templates_2_cmake.py", line 21, in <module>
[0.139s]     from ament_package.templates import get_environment_hook_template_path
[0.139s] ModuleNotFoundError: No module named 'ament_package'
[0.141s] [31mCMake Error at /opt/ros/jazzy/share/ament_cmake_core/cmake/ament_cmake_package_templates-extras.cmake:41 (message):
[0.141s]   execute_process(/home/lennart/miniconda3/envs/cycleIK/bin/python3
[0.141s]   /opt/ros/jazzy/share/ament_cmake_core/cmake/package_templates/templates_2_cmake.py
[0.141s]   /home/lennart/Dev/test/ros2_robothands/src/ros2_sensor_pkg/build/ros2_sensor_pkg/ament_cmake_package_templates/templates.cmake)
[0.141s]   returned error code 1
[0.141s] Call Stack (most recent call first):
[0.141s]   /opt/ros/jazzy/share/ament_cmake_core/cmake/ament_cmake_coreConfig.cmake:41 (include)
[0.141s]   /opt/ros/jazzy/share/ament_cmake/cmake/ament_cmake_export_dependencies-extras.cmake:15 (find_package)
[0.141s]   /opt/ros/jazzy/share/ament_cmake/cmake/ament_cmakeConfig.cmake:41 (include)
[0.141s]   CMakeLists.txt:4 (find_package)
[0.141s] 
[0.141s] [0m
[0.141s] -- Configuring incomplete, errors occurred!
[0.144s] Invoked command in '/home/lennart/Dev/test/ros2_robothands/src/ros2_sensor_pkg/build/ros2_sensor_pkg' returned '1': DEBUGINFOD_URLS=https://debuginfod.ubuntu.com /usr/bin/cmake /home/lennart/Dev/test/ros2_robothands/src/ros2_sensor_pkg -DCMAKE_INSTALL_PREFIX=/home/lennart/Dev/test/ros2_robothands/src/ros2_sensor_pkg/install/ros2_sensor_pkg
