-- Found ament_cmake: 2.5.6 (/opt/ros/jazzy/share/ament_cmake/cmake)
-- Found Python3: /usr/bin/python3 (found version "3.12.3") found components: Interpreter 
-- Found rosidl_default_generators: 1.6.0 (/opt/ros/jazzy/share/rosidl_default_generators/cmake)
-- Using all available rosidl_typesupport_c: rosidl_typesupport_fastrtps_c;rosidl_typesupport_introspection_c
-- Using all available rosidl_typesupport_cpp: rosidl_typesupport_fastrtps_cpp;rosidl_typesupport_introspection_cpp
-- Found rosidl_adapter: 4.6.7 (/opt/ros/jazzy/share/rosidl_adapter/cmake)
-- Found std_msgs: 5.3.7 (/opt/ros/jazzy/share/std_msgs/cmake)
-- Found ament_cmake_ros: 0.12.0 (/opt/ros/jazzy/share/ament_cmake_ros/cmake)
-- Using all available rosidl_typesupport_c: rosidl_typesupport_fastrtps_c;rosidl_typesupport_introspection_c
-- Using all available rosidl_typesupport_cpp: rosidl_typesupport_fastrtps_cpp;rosidl_typesupport_introspection_cpp
-- Found python_cmake_module: 0.11.1 (/opt/ros/jazzy/share/python_cmake_module/cmake)
-- Found PythonExtra: /usr/bin/python3  
-- Found Python3: /usr/bin/python3 (found version "3.12.3") found components: Interpreter Development NumPy Development.Module Development.Embed 
-- Found Python3: /usr/bin/python3 (found version "3.12.3") found components: Interpreter 
-- Found ament_lint_auto: 0.17.5 (/opt/ros/jazzy/share/ament_lint_auto/cmake)
-- Added test 'copyright' to check source files copyright and LICENSE
-- Added test 'cppcheck' to perform static code analysis on C / C++ code
-- Configured cppcheck include dirs: $<BUILD_INTERFACE:/home/lennart/Dev/test/ros2_robothands/src/ros2_sensor_pkg/build/ros2_sensor_pkg/rosidl_generator_c>;$<BUILD_INTERFACE:/home/lennart/Dev/test/ros2_robothands/src/ros2_sensor_pkg/build/ros2_sensor_pkg/rosidl_typesupport_fastrtps_c>;$<BUILD_INTERFACE:/home/lennart/Dev/test/ros2_robothands/src/ros2_sensor_pkg/build/ros2_sensor_pkg/rosidl_typesupport_introspection_c>;$<BUILD_INTERFACE:/home/lennart/Dev/test/ros2_robothands/src/ros2_sensor_pkg/build/ros2_sensor_pkg/rosidl_generator_cpp>;$<BUILD_INTERFACE:/home/lennart/Dev/test/ros2_robothands/src/ros2_sensor_pkg/build/ros2_sensor_pkg/rosidl_typesupport_fastrtps_cpp>;$<BUILD_INTERFACE:/home/lennart/Dev/test/ros2_robothands/src/ros2_sensor_pkg/build/ros2_sensor_pkg/rosidl_typesupport_introspection_cpp>;/home/lennart/Dev/test/ros2_robothands/src/ros2_sensor_pkg/build/ros2_sensor_pkg/rosidl_generator_c;/home/lennart/Dev/test/ros2_robothands/src/ros2_sensor_pkg/build/ros2_sensor_pkg/rosidl_generator_py
-- Configured cppcheck exclude dirs and/or files: 
-- Added test 'cpplint' to check C / C++ code against the Google style
-- Configured cpplint exclude dirs and/or files: 
-- Added test 'flake8' to check Python code syntax and style conventions
-- Configured 'flake8' exclude dirs and/or files: 
-- Added test 'lint_cmake' to check CMake code style
-- Added test 'pep257' to check Python code against some of the docstring style conventions in PEP 257
-- Added test 'uncrustify' to check C / C++ code style
-- Configured uncrustify additional arguments: 
-- Added test 'xmllint' to check XML markup files
-- Configuring done (1.8s)
-- Generating done (0.0s)
-- Build files have been written to: /home/lennart/Dev/test/ros2_robothands/src/ros2_sensor_pkg/build/ros2_sensor_pkg
[  1%] [34m[1mGenerating type hashes for ROS interfaces[0m
[  3%] [34m[1mGenerating Rust code for ROS interfaces[0m
[  3%] Built target ament_cmake_python_copy_ros2_sensor_pkg
running egg_info
creating ros2_sensor_pkg.egg-info
writing ros2_sensor_pkg.egg-info/PKG-INFO
writing dependency_links to ros2_sensor_pkg.egg-info/dependency_links.txt
writing top-level names to ros2_sensor_pkg.egg-info/top_level.txt
writing manifest file 'ros2_sensor_pkg.egg-info/SOURCES.txt'
[  3%] Built target ros2_sensor_pkg__rosidl_generator_type_description
[  5%] [34m[1mGenerating C code for ROS interfaces[0m
[  5%] Built target ros2_sensor_pkg__rs
[  7%] [34m[1mGenerating C++ code for ROS interfaces[0m
reading manifest file 'ros2_sensor_pkg.egg-info/SOURCES.txt'
writing manifest file 'ros2_sensor_pkg.egg-info/SOURCES.txt'
[  7%] Built target ament_cmake_python_build_ros2_sensor_pkg_egg
[  7%] Built target ros2_sensor_pkg__cpp
[  9%] [32mBuilding C object CMakeFiles/ros2_sensor_pkg__rosidl_generator_c.dir/rosidl_generator_c/ros2_sensor_pkg/msg/detail/lone_sensor__description.c.o[0m
[ 12%] [32mBuilding C object CMakeFiles/ros2_sensor_pkg__rosidl_generator_c.dir/rosidl_generator_c/ros2_sensor_pkg/msg/detail/all_sensors__description.c.o[0m
[ 12%] [32mBuilding C object CMakeFiles/ros2_sensor_pkg__rosidl_generator_c.dir/rosidl_generator_c/ros2_sensor_pkg/msg/detail/all_sensors__functions.c.o[0m
[ 14%] [32mBuilding C object CMakeFiles/ros2_sensor_pkg__rosidl_generator_c.dir/rosidl_generator_c/ros2_sensor_pkg/msg/detail/all_sensors__type_support.c.o[0m
[ 16%] [32mBuilding C object CMakeFiles/ros2_sensor_pkg__rosidl_generator_c.dir/rosidl_generator_c/ros2_sensor_pkg/msg/detail/sensor_user_command__description.c.o[0m
[ 18%] [32mBuilding C object CMakeFiles/ros2_sensor_pkg__rosidl_generator_c.dir/rosidl_generator_c/ros2_sensor_pkg/msg/detail/sensor_user_command__functions.c.o[0m
[ 20%] [32mBuilding C object CMakeFiles/ros2_sensor_pkg__rosidl_generator_c.dir/rosidl_generator_c/ros2_sensor_pkg/msg/detail/lone_sensor__functions.c.o[0m
[ 21%] [32mBuilding C object CMakeFiles/ros2_sensor_pkg__rosidl_generator_c.dir/rosidl_generator_c/ros2_sensor_pkg/msg/detail/lone_sensor__type_support.c.o[0m
[ 23%] [32mBuilding C object CMakeFiles/ros2_sensor_pkg__rosidl_generator_c.dir/rosidl_generator_c/ros2_sensor_pkg/msg/detail/sensor_user_command__type_support.c.o[0m
[ 25%] [32m[1mLinking C shared library libros2_sensor_pkg__rosidl_generator_c.so[0m
[ 25%] Built target ros2_sensor_pkg__rosidl_generator_c
[ 32%] [34m[1mGenerating C introspection for ROS interfaces[0m
[ 32%] [34m[1mGenerating C type support for eProsima Fast-RTPS[0m
[ 32%] [34m[1mGenerating C type support dispatch for ROS interfaces[0m
[ 32%] [34m[1mGenerating C++ type support for eProsima Fast-RTPS[0m
[ 36%] [34m[1mGenerating C++ type support dispatch for ROS interfaces[0m
[ 36%] [34m[1mGenerating C++ introspection for ROS interfaces[0m
[ 38%] [32mBuilding CXX object CMakeFiles/ros2_sensor_pkg__rosidl_typesupport_c.dir/rosidl_typesupport_c/ros2_sensor_pkg/msg/lone_sensor__type_support.cpp.o[0m
[ 40%] [32mBuilding CXX object CMakeFiles/ros2_sensor_pkg__rosidl_typesupport_cpp.dir/rosidl_typesupport_cpp/ros2_sensor_pkg/msg/all_sensors__type_support.cpp.o[0m
[ 43%] [32mBuilding CXX object CMakeFiles/ros2_sensor_pkg__rosidl_typesupport_cpp.dir/rosidl_typesupport_cpp/ros2_sensor_pkg/msg/lone_sensor__type_support.cpp.o[0m
[ 43%] [32mBuilding CXX object CMakeFiles/ros2_sensor_pkg__rosidl_typesupport_c.dir/rosidl_typesupport_c/ros2_sensor_pkg/msg/all_sensors__type_support.cpp.o[0m
[ 47%] [32mBuilding CXX object CMakeFiles/ros2_sensor_pkg__rosidl_typesupport_cpp.dir/rosidl_typesupport_cpp/ros2_sensor_pkg/msg/sensor_user_command__type_support.cpp.o[0m
[ 47%] [32mBuilding CXX object CMakeFiles/ros2_sensor_pkg__rosidl_typesupport_c.dir/rosidl_typesupport_c/ros2_sensor_pkg/msg/sensor_user_command__type_support.cpp.o[0m
[ 52%] [32mBuilding C object CMakeFiles/ros2_sensor_pkg__rosidl_typesupport_introspection_c.dir/rosidl_typesupport_introspection_c/ros2_sensor_pkg/msg/detail/all_sensors__type_support.c.o[0m
[ 52%] [32mBuilding C object CMakeFiles/ros2_sensor_pkg__rosidl_typesupport_introspection_c.dir/rosidl_typesupport_introspection_c/ros2_sensor_pkg/msg/detail/lone_sensor__type_support.c.o[0m
[ 52%] [32mBuilding C object CMakeFiles/ros2_sensor_pkg__rosidl_typesupport_introspection_c.dir/rosidl_typesupport_introspection_c/ros2_sensor_pkg/msg/detail/sensor_user_command__type_support.c.o[0m
[ 54%] [32mBuilding CXX object CMakeFiles/ros2_sensor_pkg__rosidl_typesupport_introspection_cpp.dir/rosidl_typesupport_introspection_cpp/ros2_sensor_pkg/msg/detail/sensor_user_command__type_support.cpp.o[0m
[ 56%] [32mBuilding CXX object CMakeFiles/ros2_sensor_pkg__rosidl_typesupport_introspection_cpp.dir/rosidl_typesupport_introspection_cpp/ros2_sensor_pkg/msg/detail/lone_sensor__type_support.cpp.o[0m
[ 58%] [32mBuilding CXX object CMakeFiles/ros2_sensor_pkg__rosidl_typesupport_introspection_cpp.dir/rosidl_typesupport_introspection_cpp/ros2_sensor_pkg/msg/detail/all_sensors__type_support.cpp.o[0m
[ 61%] [32mBuilding CXX object CMakeFiles/ros2_sensor_pkg__rosidl_typesupport_fastrtps_cpp.dir/rosidl_typesupport_fastrtps_cpp/ros2_sensor_pkg/msg/detail/dds_fastrtps/sensor_user_command__type_support.cpp.o[0m
[ 61%] [32mBuilding CXX object CMakeFiles/ros2_sensor_pkg__rosidl_typesupport_fastrtps_cpp.dir/rosidl_typesupport_fastrtps_cpp/ros2_sensor_pkg/msg/detail/dds_fastrtps/all_sensors__type_support.cpp.o[0m
[ 63%] [32m[1mLinking C shared library libros2_sensor_pkg__rosidl_typesupport_introspection_c.so[0m
[ 65%] [32mBuilding CXX object CMakeFiles/ros2_sensor_pkg__rosidl_typesupport_fastrtps_cpp.dir/rosidl_typesupport_fastrtps_cpp/ros2_sensor_pkg/msg/detail/dds_fastrtps/lone_sensor__type_support.cpp.o[0m
[ 69%] [32mBuilding CXX object CMakeFiles/ros2_sensor_pkg__rosidl_typesupport_fastrtps_c.dir/rosidl_typesupport_fastrtps_c/ros2_sensor_pkg/msg/detail/all_sensors__type_support_c.cpp.o[0m
[ 69%] [32mBuilding CXX object CMakeFiles/ros2_sensor_pkg__rosidl_typesupport_fastrtps_c.dir/rosidl_typesupport_fastrtps_c/ros2_sensor_pkg/msg/detail/lone_sensor__type_support_c.cpp.o[0m
[ 70%] [32mBuilding CXX object CMakeFiles/ros2_sensor_pkg__rosidl_typesupport_fastrtps_c.dir/rosidl_typesupport_fastrtps_c/ros2_sensor_pkg/msg/detail/sensor_user_command__type_support_c.cpp.o[0m
[ 70%] Built target ros2_sensor_pkg__rosidl_typesupport_introspection_c
[ 72%] [32m[1mLinking CXX shared library libros2_sensor_pkg__rosidl_typesupport_c.so[0m
[ 72%] Built target ros2_sensor_pkg__rosidl_typesupport_c
[ 74%] [32m[1mLinking CXX shared library libros2_sensor_pkg__rosidl_typesupport_cpp.so[0m
[ 74%] Built target ros2_sensor_pkg__rosidl_typesupport_cpp
[ 76%] [32m[1mLinking CXX shared library libros2_sensor_pkg__rosidl_typesupport_introspection_cpp.so[0m
[ 76%] Built target ros2_sensor_pkg__rosidl_typesupport_introspection_cpp
[ 78%] [32m[1mLinking CXX shared library libros2_sensor_pkg__rosidl_typesupport_fastrtps_c.so[0m
[ 80%] [32m[1mLinking CXX shared library libros2_sensor_pkg__rosidl_typesupport_fastrtps_cpp.so[0m
[ 80%] Built target ros2_sensor_pkg__rosidl_typesupport_fastrtps_c
[ 80%] Built target ros2_sensor_pkg__rosidl_typesupport_fastrtps_cpp
[ 80%] Built target ros2_sensor_pkg
[ 81%] [34m[1mGenerating Python code for ROS interfaces[0m
[ 81%] Built target ros2_sensor_pkg__py
[ 83%] [32mBuilding C object CMakeFiles/ros2_sensor_pkg__rosidl_generator_py.dir/rosidl_generator_py/ros2_sensor_pkg/msg/_sensor_user_command_s.c.o[0m
[ 87%] [32mBuilding C object CMakeFiles/ros2_sensor_pkg__rosidl_generator_py.dir/rosidl_generator_py/ros2_sensor_pkg/msg/_all_sensors_s.c.o[0m
[ 87%] [32mBuilding C object CMakeFiles/ros2_sensor_pkg__rosidl_generator_py.dir/rosidl_generator_py/ros2_sensor_pkg/msg/_lone_sensor_s.c.o[0m
[ 89%] [32m[1mLinking C shared library libros2_sensor_pkg__rosidl_generator_py.so[0m
[ 89%] Built target ros2_sensor_pkg__rosidl_generator_py
[ 90%] [32mBuilding C object CMakeFiles/ros2_sensor_pkg_s__rosidl_typesupport_c.dir/rosidl_generator_py/ros2_sensor_pkg/_ros2_sensor_pkg_s.ep.rosidl_typesupport_c.c.o[0m
[ 92%] [32mBuilding C object CMakeFiles/ros2_sensor_pkg_s__rosidl_typesupport_introspection_c.dir/rosidl_generator_py/ros2_sensor_pkg/_ros2_sensor_pkg_s.ep.rosidl_typesupport_introspection_c.c.o[0m
[ 94%] [32mBuilding C object CMakeFiles/ros2_sensor_pkg_s__rosidl_typesupport_fastrtps_c.dir/rosidl_generator_py/ros2_sensor_pkg/_ros2_sensor_pkg_s.ep.rosidl_typesupport_fastrtps_c.c.o[0m
[ 96%] [32m[1mLinking C shared module rosidl_generator_py/ros2_sensor_pkg/ros2_sensor_pkg_s__rosidl_typesupport_c.so[0m
[ 98%] [32m[1mLinking C shared module rosidl_generator_py/ros2_sensor_pkg/ros2_sensor_pkg_s__rosidl_typesupport_fastrtps_c.so[0m
[100%] [32m[1mLinking C shared module rosidl_generator_py/ros2_sensor_pkg/ros2_sensor_pkg_s__rosidl_typesupport_introspection_c.so[0m
[100%] Built target ros2_sensor_pkg_s__rosidl_typesupport_c
[100%] Built target ros2_sensor_pkg_s__rosidl_typesupport_fastrtps_c
[100%] Built target ros2_sensor_pkg_s__rosidl_typesupport_introspection_c
-- Install configuration: ""
-- Installing: /home/lennart/Dev/test/ros2_robothands/src/ros2_sensor_pkg/install/ros2_sensor_pkg/share/ament_index/resource_index/rosidl_interfaces/ros2_sensor_pkg
-- Installing: /home/lennart/Dev/test/ros2_robothands/src/ros2_sensor_pkg/install/ros2_sensor_pkg/share/ros2_sensor_pkg/msg/LoneSensor.json
-- Installing: /home/lennart/Dev/test/ros2_robothands/src/ros2_sensor_pkg/install/ros2_sensor_pkg/share/ros2_sensor_pkg/msg/AllSensors.json
-- Installing: /home/lennart/Dev/test/ros2_robothands/src/ros2_sensor_pkg/install/ros2_sensor_pkg/share/ros2_sensor_pkg/msg/SensorUserCommand.json
-- Installing: /home/lennart/Dev/test/ros2_robothands/src/ros2_sensor_pkg/install/ros2_sensor_pkg/include/ros2_sensor_pkg/ros2_sensor_pkg
-- Installing: /home/lennart/Dev/test/ros2_robothands/src/ros2_sensor_pkg/install/ros2_sensor_pkg/include/ros2_sensor_pkg/ros2_sensor_pkg/msg
-- Installing: /home/lennart/Dev/test/ros2_robothands/src/ros2_sensor_pkg/install/ros2_sensor_pkg/include/ros2_sensor_pkg/ros2_sensor_pkg/msg/all_sensors.h
-- Installing: /home/lennart/Dev/test/ros2_robothands/src/ros2_sensor_pkg/install/ros2_sensor_pkg/include/ros2_sensor_pkg/ros2_sensor_pkg/msg/rosidl_generator_c__visibility_control.h
-- Installing: /home/lennart/Dev/test/ros2_robothands/src/ros2_sensor_pkg/install/ros2_sensor_pkg/include/ros2_sensor_pkg/ros2_sensor_pkg/msg/detail
-- Installing: /home/lennart/Dev/test/ros2_robothands/src/ros2_sensor_pkg/install/ros2_sensor_pkg/include/ros2_sensor_pkg/ros2_sensor_pkg/msg/detail/all_sensors__struct.h
-- Installing: /home/lennart/Dev/test/ros2_robothands/src/ros2_sensor_pkg/install/ros2_sensor_pkg/include/ros2_sensor_pkg/ros2_sensor_pkg/msg/detail/all_sensors__description.c
-- Installing: /home/lennart/Dev/test/ros2_robothands/src/ros2_sensor_pkg/install/ros2_sensor_pkg/include/ros2_sensor_pkg/ros2_sensor_pkg/msg/detail/all_sensors__type_support.h
-- Installing: /home/lennart/Dev/test/ros2_robothands/src/ros2_sensor_pkg/install/ros2_sensor_pkg/include/ros2_sensor_pkg/ros2_sensor_pkg/msg/detail/lone_sensor__description.c
-- Installing: /home/lennart/Dev/test/ros2_robothands/src/ros2_sensor_pkg/install/ros2_sensor_pkg/include/ros2_sensor_pkg/ros2_sensor_pkg/msg/detail/lone_sensor__functions.c
-- Installing: /home/lennart/Dev/test/ros2_robothands/src/ros2_sensor_pkg/install/ros2_sensor_pkg/include/ros2_sensor_pkg/ros2_sensor_pkg/msg/detail/sensor_user_command__description.c
-- Installing: /home/lennart/Dev/test/ros2_robothands/src/ros2_sensor_pkg/install/ros2_sensor_pkg/include/ros2_sensor_pkg/ros2_sensor_pkg/msg/detail/sensor_user_command__functions.h
-- Installing: /home/lennart/Dev/test/ros2_robothands/src/ros2_sensor_pkg/install/ros2_sensor_pkg/include/ros2_sensor_pkg/ros2_sensor_pkg/msg/detail/sensor_user_command__functions.c
-- Installing: /home/lennart/Dev/test/ros2_robothands/src/ros2_sensor_pkg/install/ros2_sensor_pkg/include/ros2_sensor_pkg/ros2_sensor_pkg/msg/detail/all_sensors__functions.h
-- Installing: /home/lennart/Dev/test/ros2_robothands/src/ros2_sensor_pkg/install/ros2_sensor_pkg/include/ros2_sensor_pkg/ros2_sensor_pkg/msg/detail/all_sensors__functions.c
-- Installing: /home/lennart/Dev/test/ros2_robothands/src/ros2_sensor_pkg/install/ros2_sensor_pkg/include/ros2_sensor_pkg/ros2_sensor_pkg/msg/detail/lone_sensor__type_support.c
-- Installing: /home/lennart/Dev/test/ros2_robothands/src/ros2_sensor_pkg/install/ros2_sensor_pkg/include/ros2_sensor_pkg/ros2_sensor_pkg/msg/detail/sensor_user_command__type_support.c
-- Installing: /home/lennart/Dev/test/ros2_robothands/src/ros2_sensor_pkg/install/ros2_sensor_pkg/include/ros2_sensor_pkg/ros2_sensor_pkg/msg/detail/lone_sensor__functions.h
-- Installing: /home/lennart/Dev/test/ros2_robothands/src/ros2_sensor_pkg/install/ros2_sensor_pkg/include/ros2_sensor_pkg/ros2_sensor_pkg/msg/detail/all_sensors__type_support.c
-- Installing: /home/lennart/Dev/test/ros2_robothands/src/ros2_sensor_pkg/install/ros2_sensor_pkg/include/ros2_sensor_pkg/ros2_sensor_pkg/msg/detail/sensor_user_command__type_support.h
-- Installing: /home/lennart/Dev/test/ros2_robothands/src/ros2_sensor_pkg/install/ros2_sensor_pkg/include/ros2_sensor_pkg/ros2_sensor_pkg/msg/detail/lone_sensor__type_support.h
-- Installing: /home/lennart/Dev/test/ros2_robothands/src/ros2_sensor_pkg/install/ros2_sensor_pkg/include/ros2_sensor_pkg/ros2_sensor_pkg/msg/detail/lone_sensor__struct.h
-- Installing: /home/lennart/Dev/test/ros2_robothands/src/ros2_sensor_pkg/install/ros2_sensor_pkg/include/ros2_sensor_pkg/ros2_sensor_pkg/msg/detail/sensor_user_command__struct.h
-- Installing: /home/lennart/Dev/test/ros2_robothands/src/ros2_sensor_pkg/install/ros2_sensor_pkg/include/ros2_sensor_pkg/ros2_sensor_pkg/msg/lone_sensor.h
-- Installing: /home/lennart/Dev/test/ros2_robothands/src/ros2_sensor_pkg/install/ros2_sensor_pkg/include/ros2_sensor_pkg/ros2_sensor_pkg/msg/sensor_user_command.h
-- Installing: /home/lennart/Dev/test/ros2_robothands/src/ros2_sensor_pkg/install/ros2_sensor_pkg/share/ros2_sensor_pkg/environment/library_path.sh
-- Installing: /home/lennart/Dev/test/ros2_robothands/src/ros2_sensor_pkg/install/ros2_sensor_pkg/share/ros2_sensor_pkg/environment/library_path.dsv
-- Installing: /home/lennart/Dev/test/ros2_robothands/src/ros2_sensor_pkg/install/ros2_sensor_pkg/lib/libros2_sensor_pkg__rosidl_generator_c.so
-- Set non-toolchain portion of runtime path of "/home/lennart/Dev/test/ros2_robothands/src/ros2_sensor_pkg/install/ros2_sensor_pkg/lib/libros2_sensor_pkg__rosidl_generator_c.so" to ""
-- Up-to-date: /home/lennart/Dev/test/ros2_robothands/src/ros2_sensor_pkg/install/ros2_sensor_pkg/include/ros2_sensor_pkg/ros2_sensor_pkg
-- Up-to-date: /home/lennart/Dev/test/ros2_robothands/src/ros2_sensor_pkg/install/ros2_sensor_pkg/include/ros2_sensor_pkg/ros2_sensor_pkg/msg
-- Up-to-date: /home/lennart/Dev/test/ros2_robothands/src/ros2_sensor_pkg/install/ros2_sensor_pkg/include/ros2_sensor_pkg/ros2_sensor_pkg/msg/detail
-- Installing: /home/lennart/Dev/test/ros2_robothands/src/ros2_sensor_pkg/install/ros2_sensor_pkg/include/ros2_sensor_pkg/ros2_sensor_pkg/msg/detail/sensor_user_command__rosidl_typesupport_fastrtps_c.h
-- Installing: /home/lennart/Dev/test/ros2_robothands/src/ros2_sensor_pkg/install/ros2_sensor_pkg/include/ros2_sensor_pkg/ros2_sensor_pkg/msg/detail/all_sensors__rosidl_typesupport_fastrtps_c.h
-- Installing: /home/lennart/Dev/test/ros2_robothands/src/ros2_sensor_pkg/install/ros2_sensor_pkg/include/ros2_sensor_pkg/ros2_sensor_pkg/msg/detail/lone_sensor__rosidl_typesupport_fastrtps_c.h
-- Installing: /home/lennart/Dev/test/ros2_robothands/src/ros2_sensor_pkg/install/ros2_sensor_pkg/include/ros2_sensor_pkg/ros2_sensor_pkg/msg/rosidl_typesupport_fastrtps_c__visibility_control.h
-- Installing: /home/lennart/Dev/test/ros2_robothands/src/ros2_sensor_pkg/install/ros2_sensor_pkg/lib/libros2_sensor_pkg__rosidl_typesupport_fastrtps_c.so
-- Set non-toolchain portion of runtime path of "/home/lennart/Dev/test/ros2_robothands/src/ros2_sensor_pkg/install/ros2_sensor_pkg/lib/libros2_sensor_pkg__rosidl_typesupport_fastrtps_c.so" to ""
-- Up-to-date: /home/lennart/Dev/test/ros2_robothands/src/ros2_sensor_pkg/install/ros2_sensor_pkg/include/ros2_sensor_pkg/ros2_sensor_pkg
-- Up-to-date: /home/lennart/Dev/test/ros2_robothands/src/ros2_sensor_pkg/install/ros2_sensor_pkg/include/ros2_sensor_pkg/ros2_sensor_pkg/msg
-- Installing: /home/lennart/Dev/test/ros2_robothands/src/ros2_sensor_pkg/install/ros2_sensor_pkg/include/ros2_sensor_pkg/ros2_sensor_pkg/msg/rosidl_typesupport_introspection_c__visibility_control.h
-- Up-to-date: /home/lennart/Dev/test/ros2_robothands/src/ros2_sensor_pkg/install/ros2_sensor_pkg/include/ros2_sensor_pkg/ros2_sensor_pkg/msg/detail
-- Installing: /home/lennart/Dev/test/ros2_robothands/src/ros2_sensor_pkg/install/ros2_sensor_pkg/include/ros2_sensor_pkg/ros2_sensor_pkg/msg/detail/all_sensors__rosidl_typesupport_introspection_c.h
-- Installing: /home/lennart/Dev/test/ros2_robothands/src/ros2_sensor_pkg/install/ros2_sensor_pkg/include/ros2_sensor_pkg/ros2_sensor_pkg/msg/detail/sensor_user_command__rosidl_typesupport_introspection_c.h
-- Up-to-date: /home/lennart/Dev/test/ros2_robothands/src/ros2_sensor_pkg/install/ros2_sensor_pkg/include/ros2_sensor_pkg/ros2_sensor_pkg/msg/detail/lone_sensor__type_support.c
-- Up-to-date: /home/lennart/Dev/test/ros2_robothands/src/ros2_sensor_pkg/install/ros2_sensor_pkg/include/ros2_sensor_pkg/ros2_sensor_pkg/msg/detail/sensor_user_command__type_support.c
-- Up-to-date: /home/lennart/Dev/test/ros2_robothands/src/ros2_sensor_pkg/install/ros2_sensor_pkg/include/ros2_sensor_pkg/ros2_sensor_pkg/msg/detail/all_sensors__type_support.c
-- Installing: /home/lennart/Dev/test/ros2_robothands/src/ros2_sensor_pkg/install/ros2_sensor_pkg/include/ros2_sensor_pkg/ros2_sensor_pkg/msg/detail/lone_sensor__rosidl_typesupport_introspection_c.h
-- Installing: /home/lennart/Dev/test/ros2_robothands/src/ros2_sensor_pkg/install/ros2_sensor_pkg/lib/libros2_sensor_pkg__rosidl_typesupport_introspection_c.so
-- Set non-toolchain portion of runtime path of "/home/lennart/Dev/test/ros2_robothands/src/ros2_sensor_pkg/install/ros2_sensor_pkg/lib/libros2_sensor_pkg__rosidl_typesupport_introspection_c.so" to ""
-- Installing: /home/lennart/Dev/test/ros2_robothands/src/ros2_sensor_pkg/install/ros2_sensor_pkg/lib/libros2_sensor_pkg__rosidl_typesupport_c.so
-- Set non-toolchain portion of runtime path of "/home/lennart/Dev/test/ros2_robothands/src/ros2_sensor_pkg/install/ros2_sensor_pkg/lib/libros2_sensor_pkg__rosidl_typesupport_c.so" to ""
-- Up-to-date: /home/lennart/Dev/test/ros2_robothands/src/ros2_sensor_pkg/install/ros2_sensor_pkg/include/ros2_sensor_pkg/ros2_sensor_pkg
-- Up-to-date: /home/lennart/Dev/test/ros2_robothands/src/ros2_sensor_pkg/install/ros2_sensor_pkg/include/ros2_sensor_pkg/ros2_sensor_pkg/msg
-- Installing: /home/lennart/Dev/test/ros2_robothands/src/ros2_sensor_pkg/install/ros2_sensor_pkg/include/ros2_sensor_pkg/ros2_sensor_pkg/msg/all_sensors.hpp
-- Installing: /home/lennart/Dev/test/ros2_robothands/src/ros2_sensor_pkg/install/ros2_sensor_pkg/include/ros2_sensor_pkg/ros2_sensor_pkg/msg/sensor_user_command.hpp
-- Installing: /home/lennart/Dev/test/ros2_robothands/src/ros2_sensor_pkg/install/ros2_sensor_pkg/include/ros2_sensor_pkg/ros2_sensor_pkg/msg/rosidl_generator_cpp__visibility_control.hpp
-- Up-to-date: /home/lennart/Dev/test/ros2_robothands/src/ros2_sensor_pkg/install/ros2_sensor_pkg/include/ros2_sensor_pkg/ros2_sensor_pkg/msg/detail
-- Installing: /home/lennart/Dev/test/ros2_robothands/src/ros2_sensor_pkg/install/ros2_sensor_pkg/include/ros2_sensor_pkg/ros2_sensor_pkg/msg/detail/sensor_user_command__struct.hpp
-- Installing: /home/lennart/Dev/test/ros2_robothands/src/ros2_sensor_pkg/install/ros2_sensor_pkg/include/ros2_sensor_pkg/ros2_sensor_pkg/msg/detail/all_sensors__builder.hpp
-- Installing: /home/lennart/Dev/test/ros2_robothands/src/ros2_sensor_pkg/install/ros2_sensor_pkg/include/ros2_sensor_pkg/ros2_sensor_pkg/msg/detail/all_sensors__struct.hpp
-- Installing: /home/lennart/Dev/test/ros2_robothands/src/ros2_sensor_pkg/install/ros2_sensor_pkg/include/ros2_sensor_pkg/ros2_sensor_pkg/msg/detail/all_sensors__traits.hpp
-- Installing: /home/lennart/Dev/test/ros2_robothands/src/ros2_sensor_pkg/install/ros2_sensor_pkg/include/ros2_sensor_pkg/ros2_sensor_pkg/msg/detail/all_sensors__type_support.hpp
-- Installing: /home/lennart/Dev/test/ros2_robothands/src/ros2_sensor_pkg/install/ros2_sensor_pkg/include/ros2_sensor_pkg/ros2_sensor_pkg/msg/detail/lone_sensor__traits.hpp
-- Installing: /home/lennart/Dev/test/ros2_robothands/src/ros2_sensor_pkg/install/ros2_sensor_pkg/include/ros2_sensor_pkg/ros2_sensor_pkg/msg/detail/sensor_user_command__type_support.hpp
-- Installing: /home/lennart/Dev/test/ros2_robothands/src/ros2_sensor_pkg/install/ros2_sensor_pkg/include/ros2_sensor_pkg/ros2_sensor_pkg/msg/detail/lone_sensor__struct.hpp
-- Installing: /home/lennart/Dev/test/ros2_robothands/src/ros2_sensor_pkg/install/ros2_sensor_pkg/include/ros2_sensor_pkg/ros2_sensor_pkg/msg/detail/lone_sensor__type_support.hpp
-- Installing: /home/lennart/Dev/test/ros2_robothands/src/ros2_sensor_pkg/install/ros2_sensor_pkg/include/ros2_sensor_pkg/ros2_sensor_pkg/msg/detail/sensor_user_command__builder.hpp
-- Installing: /home/lennart/Dev/test/ros2_robothands/src/ros2_sensor_pkg/install/ros2_sensor_pkg/include/ros2_sensor_pkg/ros2_sensor_pkg/msg/detail/sensor_user_command__traits.hpp
-- Installing: /home/lennart/Dev/test/ros2_robothands/src/ros2_sensor_pkg/install/ros2_sensor_pkg/include/ros2_sensor_pkg/ros2_sensor_pkg/msg/detail/lone_sensor__builder.hpp
-- Installing: /home/lennart/Dev/test/ros2_robothands/src/ros2_sensor_pkg/install/ros2_sensor_pkg/include/ros2_sensor_pkg/ros2_sensor_pkg/msg/lone_sensor.hpp
-- Up-to-date: /home/lennart/Dev/test/ros2_robothands/src/ros2_sensor_pkg/install/ros2_sensor_pkg/include/ros2_sensor_pkg/ros2_sensor_pkg
-- Up-to-date: /home/lennart/Dev/test/ros2_robothands/src/ros2_sensor_pkg/install/ros2_sensor_pkg/include/ros2_sensor_pkg/ros2_sensor_pkg/msg
-- Up-to-date: /home/lennart/Dev/test/ros2_robothands/src/ros2_sensor_pkg/install/ros2_sensor_pkg/include/ros2_sensor_pkg/ros2_sensor_pkg/msg/detail
-- Installing: /home/lennart/Dev/test/ros2_robothands/src/ros2_sensor_pkg/install/ros2_sensor_pkg/include/ros2_sensor_pkg/ros2_sensor_pkg/msg/detail/all_sensors__rosidl_typesupport_fastrtps_cpp.hpp
-- Installing: /home/lennart/Dev/test/ros2_robothands/src/ros2_sensor_pkg/install/ros2_sensor_pkg/include/ros2_sensor_pkg/ros2_sensor_pkg/msg/detail/lone_sensor__rosidl_typesupport_fastrtps_cpp.hpp
-- Installing: /home/lennart/Dev/test/ros2_robothands/src/ros2_sensor_pkg/install/ros2_sensor_pkg/include/ros2_sensor_pkg/ros2_sensor_pkg/msg/detail/dds_fastrtps
-- Installing: /home/lennart/Dev/test/ros2_robothands/src/ros2_sensor_pkg/install/ros2_sensor_pkg/include/ros2_sensor_pkg/ros2_sensor_pkg/msg/detail/sensor_user_command__rosidl_typesupport_fastrtps_cpp.hpp
-- Installing: /home/lennart/Dev/test/ros2_robothands/src/ros2_sensor_pkg/install/ros2_sensor_pkg/include/ros2_sensor_pkg/ros2_sensor_pkg/msg/rosidl_typesupport_fastrtps_cpp__visibility_control.h
-- Installing: /home/lennart/Dev/test/ros2_robothands/src/ros2_sensor_pkg/install/ros2_sensor_pkg/lib/libros2_sensor_pkg__rosidl_typesupport_fastrtps_cpp.so
-- Set non-toolchain portion of runtime path of "/home/lennart/Dev/test/ros2_robothands/src/ros2_sensor_pkg/install/ros2_sensor_pkg/lib/libros2_sensor_pkg__rosidl_typesupport_fastrtps_cpp.so" to ""
-- Up-to-date: /home/lennart/Dev/test/ros2_robothands/src/ros2_sensor_pkg/install/ros2_sensor_pkg/include/ros2_sensor_pkg/ros2_sensor_pkg
-- Up-to-date: /home/lennart/Dev/test/ros2_robothands/src/ros2_sensor_pkg/install/ros2_sensor_pkg/include/ros2_sensor_pkg/ros2_sensor_pkg/msg
-- Up-to-date: /home/lennart/Dev/test/ros2_robothands/src/ros2_sensor_pkg/install/ros2_sensor_pkg/include/ros2_sensor_pkg/ros2_sensor_pkg/msg/detail
-- Installing: /home/lennart/Dev/test/ros2_robothands/src/ros2_sensor_pkg/install/ros2_sensor_pkg/include/ros2_sensor_pkg/ros2_sensor_pkg/msg/detail/all_sensors__type_support.cpp
-- Installing: /home/lennart/Dev/test/ros2_robothands/src/ros2_sensor_pkg/install/ros2_sensor_pkg/include/ros2_sensor_pkg/ros2_sensor_pkg/msg/detail/lone_sensor__rosidl_typesupport_introspection_cpp.hpp
-- Installing: /home/lennart/Dev/test/ros2_robothands/src/ros2_sensor_pkg/install/ros2_sensor_pkg/include/ros2_sensor_pkg/ros2_sensor_pkg/msg/detail/sensor_user_command__rosidl_typesupport_introspection_cpp.hpp
-- Installing: /home/lennart/Dev/test/ros2_robothands/src/ros2_sensor_pkg/install/ros2_sensor_pkg/include/ros2_sensor_pkg/ros2_sensor_pkg/msg/detail/all_sensors__rosidl_typesupport_introspection_cpp.hpp
-- Installing: /home/lennart/Dev/test/ros2_robothands/src/ros2_sensor_pkg/install/ros2_sensor_pkg/include/ros2_sensor_pkg/ros2_sensor_pkg/msg/detail/lone_sensor__type_support.cpp
-- Installing: /home/lennart/Dev/test/ros2_robothands/src/ros2_sensor_pkg/install/ros2_sensor_pkg/include/ros2_sensor_pkg/ros2_sensor_pkg/msg/detail/sensor_user_command__type_support.cpp
-- Installing: /home/lennart/Dev/test/ros2_robothands/src/ros2_sensor_pkg/install/ros2_sensor_pkg/lib/libros2_sensor_pkg__rosidl_typesupport_introspection_cpp.so
-- Set non-toolchain portion of runtime path of "/home/lennart/Dev/test/ros2_robothands/src/ros2_sensor_pkg/install/ros2_sensor_pkg/lib/libros2_sensor_pkg__rosidl_typesupport_introspection_cpp.so" to ""
-- Installing: /home/lennart/Dev/test/ros2_robothands/src/ros2_sensor_pkg/install/ros2_sensor_pkg/lib/libros2_sensor_pkg__rosidl_typesupport_cpp.so
-- Set non-toolchain portion of runtime path of "/home/lennart/Dev/test/ros2_robothands/src/ros2_sensor_pkg/install/ros2_sensor_pkg/lib/libros2_sensor_pkg__rosidl_typesupport_cpp.so" to ""
-- Installing: /home/lennart/Dev/test/ros2_robothands/src/ros2_sensor_pkg/install/ros2_sensor_pkg/share/ros2_sensor_pkg/environment/pythonpath.sh
-- Installing: /home/lennart/Dev/test/ros2_robothands/src/ros2_sensor_pkg/install/ros2_sensor_pkg/share/ros2_sensor_pkg/environment/pythonpath.dsv
-- Installing: /home/lennart/Dev/test/ros2_robothands/src/ros2_sensor_pkg/install/ros2_sensor_pkg/lib/python3.12/site-packages/ros2_sensor_pkg-0.1.0-py3.12.egg-info
-- Installing: /home/lennart/Dev/test/ros2_robothands/src/ros2_sensor_pkg/install/ros2_sensor_pkg/lib/python3.12/site-packages/ros2_sensor_pkg-0.1.0-py3.12.egg-info/top_level.txt
-- Installing: /home/lennart/Dev/test/ros2_robothands/src/ros2_sensor_pkg/install/ros2_sensor_pkg/lib/python3.12/site-packages/ros2_sensor_pkg-0.1.0-py3.12.egg-info/dependency_links.txt
-- Installing: /home/lennart/Dev/test/ros2_robothands/src/ros2_sensor_pkg/install/ros2_sensor_pkg/lib/python3.12/site-packages/ros2_sensor_pkg-0.1.0-py3.12.egg-info/SOURCES.txt
-- Installing: /home/lennart/Dev/test/ros2_robothands/src/ros2_sensor_pkg/install/ros2_sensor_pkg/lib/python3.12/site-packages/ros2_sensor_pkg-0.1.0-py3.12.egg-info/PKG-INFO
-- Installing: /home/lennart/Dev/test/ros2_robothands/src/ros2_sensor_pkg/install/ros2_sensor_pkg/lib/python3.12/site-packages/ros2_sensor_pkg
-- Installing: /home/lennart/Dev/test/ros2_robothands/src/ros2_sensor_pkg/install/ros2_sensor_pkg/lib/python3.12/site-packages/ros2_sensor_pkg/_ros2_sensor_pkg_s.ep.rosidl_typesupport_introspection_c.c
-- Installing: /home/lennart/Dev/test/ros2_robothands/src/ros2_sensor_pkg/install/ros2_sensor_pkg/lib/python3.12/site-packages/ros2_sensor_pkg/msg
-- Installing: /home/lennart/Dev/test/ros2_robothands/src/ros2_sensor_pkg/install/ros2_sensor_pkg/lib/python3.12/site-packages/ros2_sensor_pkg/msg/_lone_sensor.py
-- Installing: /home/lennart/Dev/test/ros2_robothands/src/ros2_sensor_pkg/install/ros2_sensor_pkg/lib/python3.12/site-packages/ros2_sensor_pkg/msg/_all_sensors.py
-- Installing: /home/lennart/Dev/test/ros2_robothands/src/ros2_sensor_pkg/install/ros2_sensor_pkg/lib/python3.12/site-packages/ros2_sensor_pkg/msg/__init__.py
-- Installing: /home/lennart/Dev/test/ros2_robothands/src/ros2_sensor_pkg/install/ros2_sensor_pkg/lib/python3.12/site-packages/ros2_sensor_pkg/msg/_sensor_user_command.py
-- Installing: /home/lennart/Dev/test/ros2_robothands/src/ros2_sensor_pkg/install/ros2_sensor_pkg/lib/python3.12/site-packages/ros2_sensor_pkg/msg/_all_sensors_s.c
-- Installing: /home/lennart/Dev/test/ros2_robothands/src/ros2_sensor_pkg/install/ros2_sensor_pkg/lib/python3.12/site-packages/ros2_sensor_pkg/msg/_sensor_user_command_s.c
-- Installing: /home/lennart/Dev/test/ros2_robothands/src/ros2_sensor_pkg/install/ros2_sensor_pkg/lib/python3.12/site-packages/ros2_sensor_pkg/msg/_lone_sensor_s.c
-- Installing: /home/lennart/Dev/test/ros2_robothands/src/ros2_sensor_pkg/install/ros2_sensor_pkg/lib/python3.12/site-packages/ros2_sensor_pkg/ros2_sensor_pkg_s__rosidl_typesupport_fastrtps_c.so
-- Installing: /home/lennart/Dev/test/ros2_robothands/src/ros2_sensor_pkg/install/ros2_sensor_pkg/lib/python3.12/site-packages/ros2_sensor_pkg/_ros2_sensor_pkg_s.ep.rosidl_typesupport_c.c
-- Installing: /home/lennart/Dev/test/ros2_robothands/src/ros2_sensor_pkg/install/ros2_sensor_pkg/lib/python3.12/site-packages/ros2_sensor_pkg/ros2_sensor_pkg_s__rosidl_typesupport_introspection_c.so
-- Installing: /home/lennart/Dev/test/ros2_robothands/src/ros2_sensor_pkg/install/ros2_sensor_pkg/lib/python3.12/site-packages/ros2_sensor_pkg/_ros2_sensor_pkg_s.ep.rosidl_typesupport_fastrtps_c.c
-- Installing: /home/lennart/Dev/test/ros2_robothands/src/ros2_sensor_pkg/install/ros2_sensor_pkg/lib/python3.12/site-packages/ros2_sensor_pkg/__init__.py
-- Installing: /home/lennart/Dev/test/ros2_robothands/src/ros2_sensor_pkg/install/ros2_sensor_pkg/lib/python3.12/site-packages/ros2_sensor_pkg/ros2_sensor_pkg_s__rosidl_typesupport_c.so
Listing '/home/lennart/Dev/test/ros2_robothands/src/ros2_sensor_pkg/install/ros2_sensor_pkg/lib/python3.12/site-packages/ros2_sensor_pkg'...
Compiling '/home/lennart/Dev/test/ros2_robothands/src/ros2_sensor_pkg/install/ros2_sensor_pkg/lib/python3.12/site-packages/ros2_sensor_pkg/__init__.py'...
Listing '/home/lennart/Dev/test/ros2_robothands/src/ros2_sensor_pkg/install/ros2_sensor_pkg/lib/python3.12/site-packages/ros2_sensor_pkg/msg'...
Compiling '/home/lennart/Dev/test/ros2_robothands/src/ros2_sensor_pkg/install/ros2_sensor_pkg/lib/python3.12/site-packages/ros2_sensor_pkg/msg/__init__.py'...
Compiling '/home/lennart/Dev/test/ros2_robothands/src/ros2_sensor_pkg/install/ros2_sensor_pkg/lib/python3.12/site-packages/ros2_sensor_pkg/msg/_all_sensors.py'...
Compiling '/home/lennart/Dev/test/ros2_robothands/src/ros2_sensor_pkg/install/ros2_sensor_pkg/lib/python3.12/site-packages/ros2_sensor_pkg/msg/_lone_sensor.py'...
Compiling '/home/lennart/Dev/test/ros2_robothands/src/ros2_sensor_pkg/install/ros2_sensor_pkg/lib/python3.12/site-packages/ros2_sensor_pkg/msg/_sensor_user_command.py'...
-- Installing: /home/lennart/Dev/test/ros2_robothands/src/ros2_sensor_pkg/install/ros2_sensor_pkg/lib/python3.12/site-packages/ros2_sensor_pkg/ros2_sensor_pkg_s__rosidl_typesupport_fastrtps_c.so
-- Set non-toolchain portion of runtime path of "/home/lennart/Dev/test/ros2_robothands/src/ros2_sensor_pkg/install/ros2_sensor_pkg/lib/python3.12/site-packages/ros2_sensor_pkg/ros2_sensor_pkg_s__rosidl_typesupport_fastrtps_c.so" to ""
-- Installing: /home/lennart/Dev/test/ros2_robothands/src/ros2_sensor_pkg/install/ros2_sensor_pkg/lib/python3.12/site-packages/ros2_sensor_pkg/ros2_sensor_pkg_s__rosidl_typesupport_introspection_c.so
-- Set non-toolchain portion of runtime path of "/home/lennart/Dev/test/ros2_robothands/src/ros2_sensor_pkg/install/ros2_sensor_pkg/lib/python3.12/site-packages/ros2_sensor_pkg/ros2_sensor_pkg_s__rosidl_typesupport_introspection_c.so" to ""
-- Installing: /home/lennart/Dev/test/ros2_robothands/src/ros2_sensor_pkg/install/ros2_sensor_pkg/lib/python3.12/site-packages/ros2_sensor_pkg/ros2_sensor_pkg_s__rosidl_typesupport_c.so
-- Set non-toolchain portion of runtime path of "/home/lennart/Dev/test/ros2_robothands/src/ros2_sensor_pkg/install/ros2_sensor_pkg/lib/python3.12/site-packages/ros2_sensor_pkg/ros2_sensor_pkg_s__rosidl_typesupport_c.so" to ""
-- Installing: /home/lennart/Dev/test/ros2_robothands/src/ros2_sensor_pkg/install/ros2_sensor_pkg/lib/libros2_sensor_pkg__rosidl_generator_py.so
-- Set non-toolchain portion of runtime path of "/home/lennart/Dev/test/ros2_robothands/src/ros2_sensor_pkg/install/ros2_sensor_pkg/lib/libros2_sensor_pkg__rosidl_generator_py.so" to ""
-- Installing: /home/lennart/Dev/test/ros2_robothands/src/ros2_sensor_pkg/install/ros2_sensor_pkg/share/ament_index/resource_index/rust_packages/ros2_sensor_pkg
-- Installing: /home/lennart/Dev/test/ros2_robothands/src/ros2_sensor_pkg/install/ros2_sensor_pkg/share/ros2_sensor_pkg/rust
-- Installing: /home/lennart/Dev/test/ros2_robothands/src/ros2_sensor_pkg/install/ros2_sensor_pkg/share/ros2_sensor_pkg/rust/Cargo.toml
-- Installing: /home/lennart/Dev/test/ros2_robothands/src/ros2_sensor_pkg/install/ros2_sensor_pkg/share/ros2_sensor_pkg/rust/build.rs
-- Installing: /home/lennart/Dev/test/ros2_robothands/src/ros2_sensor_pkg/install/ros2_sensor_pkg/share/ros2_sensor_pkg/rust/src
-- Installing: /home/lennart/Dev/test/ros2_robothands/src/ros2_sensor_pkg/install/ros2_sensor_pkg/share/ros2_sensor_pkg/rust/src/msg.rs
-- Installing: /home/lennart/Dev/test/ros2_robothands/src/ros2_sensor_pkg/install/ros2_sensor_pkg/share/ros2_sensor_pkg/rust/src/msg
-- Installing: /home/lennart/Dev/test/ros2_robothands/src/ros2_sensor_pkg/install/ros2_sensor_pkg/share/ros2_sensor_pkg/rust/src/msg/rmw.rs
-- Installing: /home/lennart/Dev/test/ros2_robothands/src/ros2_sensor_pkg/install/ros2_sensor_pkg/share/ros2_sensor_pkg/rust/src/lib.rs
-- Installing: /home/lennart/Dev/test/ros2_robothands/src/ros2_sensor_pkg/install/ros2_sensor_pkg/share/ros2_sensor_pkg/msg/LoneSensor.idl
-- Installing: /home/lennart/Dev/test/ros2_robothands/src/ros2_sensor_pkg/install/ros2_sensor_pkg/share/ros2_sensor_pkg/msg/AllSensors.idl
-- Installing: /home/lennart/Dev/test/ros2_robothands/src/ros2_sensor_pkg/install/ros2_sensor_pkg/share/ros2_sensor_pkg/msg/SensorUserCommand.idl
-- Installing: /home/lennart/Dev/test/ros2_robothands/src/ros2_sensor_pkg/install/ros2_sensor_pkg/share/ros2_sensor_pkg/msg/LoneSensor.msg
-- Installing: /home/lennart/Dev/test/ros2_robothands/src/ros2_sensor_pkg/install/ros2_sensor_pkg/share/ros2_sensor_pkg/msg/AllSensors.msg
-- Installing: /home/lennart/Dev/test/ros2_robothands/src/ros2_sensor_pkg/install/ros2_sensor_pkg/share/ros2_sensor_pkg/msg/SensorUserCommand.msg
-- Installing: /home/lennart/Dev/test/ros2_robothands/src/ros2_sensor_pkg/install/ros2_sensor_pkg/lib/ros2_sensor_pkg/read_publish_sensor_node.py
-- Installing: /home/lennart/Dev/test/ros2_robothands/src/ros2_sensor_pkg/install/ros2_sensor_pkg/lib/ros2_sensor_pkg/user_sample_1_read_values.py
-- Installing: /home/lennart/Dev/test/ros2_robothands/src/ros2_sensor_pkg/install/ros2_sensor_pkg/lib/ros2_sensor_pkg/user_sample_2_abs_pitch_yaw.py
-- Installing: /home/lennart/Dev/test/ros2_robothands/src/ros2_sensor_pkg/install/ros2_sensor_pkg/lib/ros2_sensor_pkg/user_sample_3_setfreq_calibrate.py
-- Installing: /home/lennart/Dev/test/ros2_robothands/src/ros2_sensor_pkg/install/ros2_sensor_pkg/lib/ros2_sensor_pkg/user_sample_4_diagnosis_request.py
-- Installing: /home/lennart/Dev/test/ros2_robothands/src/ros2_sensor_pkg/install/ros2_sensor_pkg/share/ros2_sensor_pkg/launch
-- Installing: /home/lennart/Dev/test/ros2_robothands/src/ros2_sensor_pkg/install/ros2_sensor_pkg/share/ros2_sensor_pkg/launch/Sensors.launch.py
-- Installing: /home/lennart/Dev/test/ros2_robothands/src/ros2_sensor_pkg/install/ros2_sensor_pkg/share/ros2_sensor_pkg/config
-- Installing: /home/lennart/Dev/test/ros2_robothands/src/ros2_sensor_pkg/install/ros2_sensor_pkg/share/ros2_sensor_pkg/config/sensors_left.yaml
-- Installing: /home/lennart/Dev/test/ros2_robothands/src/ros2_sensor_pkg/install/ros2_sensor_pkg/share/ros2_sensor_pkg/config/sensors_right.yaml
-- Installing: /home/lennart/Dev/test/ros2_robothands/src/ros2_sensor_pkg/install/ros2_sensor_pkg/share/ament_index/resource_index/package_run_dependencies/ros2_sensor_pkg
-- Installing: /home/lennart/Dev/test/ros2_robothands/src/ros2_sensor_pkg/install/ros2_sensor_pkg/share/ament_index/resource_index/parent_prefix_path/ros2_sensor_pkg
-- Installing: /home/lennart/Dev/test/ros2_robothands/src/ros2_sensor_pkg/install/ros2_sensor_pkg/share/ros2_sensor_pkg/environment/ament_prefix_path.sh
-- Installing: /home/lennart/Dev/test/ros2_robothands/src/ros2_sensor_pkg/install/ros2_sensor_pkg/share/ros2_sensor_pkg/environment/ament_prefix_path.dsv
-- Installing: /home/lennart/Dev/test/ros2_robothands/src/ros2_sensor_pkg/install/ros2_sensor_pkg/share/ros2_sensor_pkg/environment/path.sh
-- Installing: /home/lennart/Dev/test/ros2_robothands/src/ros2_sensor_pkg/install/ros2_sensor_pkg/share/ros2_sensor_pkg/environment/path.dsv
-- Installing: /home/lennart/Dev/test/ros2_robothands/src/ros2_sensor_pkg/install/ros2_sensor_pkg/share/ros2_sensor_pkg/local_setup.bash
-- Installing: /home/lennart/Dev/test/ros2_robothands/src/ros2_sensor_pkg/install/ros2_sensor_pkg/share/ros2_sensor_pkg/local_setup.sh
-- Installing: /home/lennart/Dev/test/ros2_robothands/src/ros2_sensor_pkg/install/ros2_sensor_pkg/share/ros2_sensor_pkg/local_setup.zsh
-- Installing: /home/lennart/Dev/test/ros2_robothands/src/ros2_sensor_pkg/install/ros2_sensor_pkg/share/ros2_sensor_pkg/local_setup.dsv
-- Installing: /home/lennart/Dev/test/ros2_robothands/src/ros2_sensor_pkg/install/ros2_sensor_pkg/share/ros2_sensor_pkg/package.dsv
-- Installing: /home/lennart/Dev/test/ros2_robothands/src/ros2_sensor_pkg/install/ros2_sensor_pkg/share/ament_index/resource_index/packages/ros2_sensor_pkg
-- Installing: /home/lennart/Dev/test/ros2_robothands/src/ros2_sensor_pkg/install/ros2_sensor_pkg/share/ros2_sensor_pkg/cmake/export_ros2_sensor_pkg__rosidl_generator_cExport.cmake
-- Installing: /home/lennart/Dev/test/ros2_robothands/src/ros2_sensor_pkg/install/ros2_sensor_pkg/share/ros2_sensor_pkg/cmake/export_ros2_sensor_pkg__rosidl_generator_cExport-noconfig.cmake
-- Installing: /home/lennart/Dev/test/ros2_robothands/src/ros2_sensor_pkg/install/ros2_sensor_pkg/share/ros2_sensor_pkg/cmake/export_ros2_sensor_pkg__rosidl_typesupport_fastrtps_cExport.cmake
-- Installing: /home/lennart/Dev/test/ros2_robothands/src/ros2_sensor_pkg/install/ros2_sensor_pkg/share/ros2_sensor_pkg/cmake/export_ros2_sensor_pkg__rosidl_typesupport_fastrtps_cExport-noconfig.cmake
-- Installing: /home/lennart/Dev/test/ros2_robothands/src/ros2_sensor_pkg/install/ros2_sensor_pkg/share/ros2_sensor_pkg/cmake/ros2_sensor_pkg__rosidl_typesupport_introspection_cExport.cmake
-- Installing: /home/lennart/Dev/test/ros2_robothands/src/ros2_sensor_pkg/install/ros2_sensor_pkg/share/ros2_sensor_pkg/cmake/ros2_sensor_pkg__rosidl_typesupport_introspection_cExport-noconfig.cmake
-- Installing: /home/lennart/Dev/test/ros2_robothands/src/ros2_sensor_pkg/install/ros2_sensor_pkg/share/ros2_sensor_pkg/cmake/ros2_sensor_pkg__rosidl_typesupport_cExport.cmake
-- Installing: /home/lennart/Dev/test/ros2_robothands/src/ros2_sensor_pkg/install/ros2_sensor_pkg/share/ros2_sensor_pkg/cmake/ros2_sensor_pkg__rosidl_typesupport_cExport-noconfig.cmake
-- Installing: /home/lennart/Dev/test/ros2_robothands/src/ros2_sensor_pkg/install/ros2_sensor_pkg/share/ros2_sensor_pkg/cmake/export_ros2_sensor_pkg__rosidl_generator_cppExport.cmake
-- Installing: /home/lennart/Dev/test/ros2_robothands/src/ros2_sensor_pkg/install/ros2_sensor_pkg/share/ros2_sensor_pkg/cmake/export_ros2_sensor_pkg__rosidl_typesupport_fastrtps_cppExport.cmake
-- Installing: /home/lennart/Dev/test/ros2_robothands/src/ros2_sensor_pkg/install/ros2_sensor_pkg/share/ros2_sensor_pkg/cmake/export_ros2_sensor_pkg__rosidl_typesupport_fastrtps_cppExport-noconfig.cmake
-- Installing: /home/lennart/Dev/test/ros2_robothands/src/ros2_sensor_pkg/install/ros2_sensor_pkg/share/ros2_sensor_pkg/cmake/ros2_sensor_pkg__rosidl_typesupport_introspection_cppExport.cmake
-- Installing: /home/lennart/Dev/test/ros2_robothands/src/ros2_sensor_pkg/install/ros2_sensor_pkg/share/ros2_sensor_pkg/cmake/ros2_sensor_pkg__rosidl_typesupport_introspection_cppExport-noconfig.cmake
-- Installing: /home/lennart/Dev/test/ros2_robothands/src/ros2_sensor_pkg/install/ros2_sensor_pkg/share/ros2_sensor_pkg/cmake/ros2_sensor_pkg__rosidl_typesupport_cppExport.cmake
-- Installing: /home/lennart/Dev/test/ros2_robothands/src/ros2_sensor_pkg/install/ros2_sensor_pkg/share/ros2_sensor_pkg/cmake/ros2_sensor_pkg__rosidl_typesupport_cppExport-noconfig.cmake
-- Installing: /home/lennart/Dev/test/ros2_robothands/src/ros2_sensor_pkg/install/ros2_sensor_pkg/share/ros2_sensor_pkg/cmake/export_ros2_sensor_pkg__rosidl_generator_pyExport.cmake
-- Installing: /home/lennart/Dev/test/ros2_robothands/src/ros2_sensor_pkg/install/ros2_sensor_pkg/share/ros2_sensor_pkg/cmake/export_ros2_sensor_pkg__rosidl_generator_pyExport-noconfig.cmake
-- Installing: /home/lennart/Dev/test/ros2_robothands/src/ros2_sensor_pkg/install/ros2_sensor_pkg/share/ros2_sensor_pkg/cmake/rosidl_cmake-extras.cmake
-- Installing: /home/lennart/Dev/test/ros2_robothands/src/ros2_sensor_pkg/install/ros2_sensor_pkg/share/ros2_sensor_pkg/cmake/ament_cmake_export_dependencies-extras.cmake
-- Installing: /home/lennart/Dev/test/ros2_robothands/src/ros2_sensor_pkg/install/ros2_sensor_pkg/share/ros2_sensor_pkg/cmake/ament_cmake_export_include_directories-extras.cmake
-- Installing: /home/lennart/Dev/test/ros2_robothands/src/ros2_sensor_pkg/install/ros2_sensor_pkg/share/ros2_sensor_pkg/cmake/ament_cmake_export_libraries-extras.cmake
-- Installing: /home/lennart/Dev/test/ros2_robothands/src/ros2_sensor_pkg/install/ros2_sensor_pkg/share/ros2_sensor_pkg/cmake/ament_cmake_export_targets-extras.cmake
-- Installing: /home/lennart/Dev/test/ros2_robothands/src/ros2_sensor_pkg/install/ros2_sensor_pkg/share/ros2_sensor_pkg/cmake/rosidl_cmake_export_typesupport_targets-extras.cmake
-- Installing: /home/lennart/Dev/test/ros2_robothands/src/ros2_sensor_pkg/install/ros2_sensor_pkg/share/ros2_sensor_pkg/cmake/rosidl_cmake_export_typesupport_libraries-extras.cmake
-- Installing: /home/lennart/Dev/test/ros2_robothands/src/ros2_sensor_pkg/install/ros2_sensor_pkg/share/ros2_sensor_pkg/cmake/ros2_sensor_pkgConfig.cmake
-- Installing: /home/lennart/Dev/test/ros2_robothands/src/ros2_sensor_pkg/install/ros2_sensor_pkg/share/ros2_sensor_pkg/cmake/ros2_sensor_pkgConfig-version.cmake
-- Installing: /home/lennart/Dev/test/ros2_robothands/src/ros2_sensor_pkg/install/ros2_sensor_pkg/share/ros2_sensor_pkg/package.xml
