[0.006s] Invoking command in '/home/lennart/Dev/test/ros2_robothands/src/ros2_sensor_pkg/build/ros2_sensor_pkg': CMAKE_PREFIX_PATH=${CMAKE_PREFIX_PATH}:/opt/ros/jazzy DEBUGINFOD_URLS=https://debuginfod.ubuntu.com /usr/bin/cmake /home/lennart/Dev/test/ros2_robothands/src/ros2_sensor_pkg -DCMAKE_INSTALL_PREFIX=/home/lennart/Dev/test/ros2_robothands/src/ros2_sensor_pkg/install/ros2_sensor_pkg
[0.017s] -- Found ament_cmake: 2.5.6 (/opt/ros/jazzy/share/ament_cmake/cmake)
[0.109s] -- Found Python3: /usr/bin/python3 (found version "3.12.3") found components: Interpreter 
[0.156s] -- Found rosidl_default_generators: 1.6.0 (/opt/ros/jazzy/share/rosidl_default_generators/cmake)
[0.157s] -- Using all available rosidl_typesupport_c: rosidl_typesupport_fastrtps_c;rosidl_typesupport_introspection_c
[0.178s] -- Using all available rosidl_typesupport_cpp: rosidl_typesupport_fastrtps_cpp;rosidl_typesupport_introspection_cpp
[0.194s] -- Found rosidl_adapter: 4.6.7 (/opt/ros/jazzy/share/rosidl_adapter/cmake)
[0.195s] -- Found std_msgs: 5.3.7 (/opt/ros/jazzy/share/std_msgs/cmake)
[0.583s] -- Found ament_cmake_ros: 0.12.0 (/opt/ros/jazzy/share/ament_cmake_ros/cmake)
[0.862s] -- Using all available rosidl_typesupport_c: rosidl_typesupport_fastrtps_c;rosidl_typesupport_introspection_c
[1.228s] -- Using all available rosidl_typesupport_cpp: rosidl_typesupport_fastrtps_cpp;rosidl_typesupport_introspection_cpp
[1.233s] -- Found python_cmake_module: 0.11.1 (/opt/ros/jazzy/share/python_cmake_module/cmake)
[1.313s] -- Found PythonExtra: /usr/bin/python3  
[1.612s] -- Found Python3: /usr/bin/python3 (found version "3.12.3") found components: Interpreter Development NumPy Development.Module Development.Embed 
[1.666s] -- Found Python3: /usr/bin/python3 (found version "3.12.3") found components: Interpreter 
[1.670s] -- Found ament_lint_auto: 0.17.5 (/opt/ros/jazzy/share/ament_lint_auto/cmake)
[1.697s] -- Added test 'copyright' to check source files copyright and LICENSE
[1.729s] -- Added test 'cppcheck' to perform static code analysis on C / C++ code
[1.729s] -- Configured cppcheck include dirs: $<BUILD_INTERFACE:/home/lennart/Dev/test/ros2_robothands/src/ros2_sensor_pkg/build/ros2_sensor_pkg/rosidl_generator_c>;$<BUILD_INTERFACE:/home/lennart/Dev/test/ros2_robothands/src/ros2_sensor_pkg/build/ros2_sensor_pkg/rosidl_typesupport_fastrtps_c>;$<BUILD_INTERFACE:/home/lennart/Dev/test/ros2_robothands/src/ros2_sensor_pkg/build/ros2_sensor_pkg/rosidl_typesupport_introspection_c>;$<BUILD_INTERFACE:/home/lennart/Dev/test/ros2_robothands/src/ros2_sensor_pkg/build/ros2_sensor_pkg/rosidl_generator_cpp>;$<BUILD_INTERFACE:/home/lennart/Dev/test/ros2_robothands/src/ros2_sensor_pkg/build/ros2_sensor_pkg/rosidl_typesupport_fastrtps_cpp>;$<BUILD_INTERFACE:/home/lennart/Dev/test/ros2_robothands/src/ros2_sensor_pkg/build/ros2_sensor_pkg/rosidl_typesupport_introspection_cpp>;/home/lennart/Dev/test/ros2_robothands/src/ros2_sensor_pkg/build/ros2_sensor_pkg/rosidl_generator_c;/home/lennart/Dev/test/ros2_robothands/src/ros2_sensor_pkg/build/ros2_sensor_pkg/rosidl_generator_py
[1.729s] -- Configured cppcheck exclude dirs and/or files: 
[1.749s] -- Added test 'cpplint' to check C / C++ code against the Google style
[1.749s] -- Configured cpplint exclude dirs and/or files: 
[1.753s] -- Added test 'flake8' to check Python code syntax and style conventions
[1.753s] -- Configured 'flake8' exclude dirs and/or files: 
[1.758s] -- Added test 'lint_cmake' to check CMake code style
[1.761s] -- Added test 'pep257' to check Python code against some of the docstring style conventions in PEP 257
[1.778s] -- Added test 'uncrustify' to check C / C++ code style
[1.778s] -- Configured uncrustify additional arguments: 
[1.783s] -- Added test 'xmllint' to check XML markup files
[1.785s] -- Configuring done (1.8s)
[1.815s] -- Generating done (0.0s)
[1.822s] -- Build files have been written to: /home/lennart/Dev/test/ros2_robothands/src/ros2_sensor_pkg/build/ros2_sensor_pkg
[1.827s] Invoked command in '/home/lennart/Dev/test/ros2_robothands/src/ros2_sensor_pkg/build/ros2_sensor_pkg' returned '0': CMAKE_PREFIX_PATH=${CMAKE_PREFIX_PATH}:/opt/ros/jazzy DEBUGINFOD_URLS=https://debuginfod.ubuntu.com /usr/bin/cmake /home/lennart/Dev/test/ros2_robothands/src/ros2_sensor_pkg -DCMAKE_INSTALL_PREFIX=/home/lennart/Dev/test/ros2_robothands/src/ros2_sensor_pkg/install/ros2_sensor_pkg
[1.827s] Invoking command in '/home/lennart/Dev/test/ros2_robothands/src/ros2_sensor_pkg/build/ros2_sensor_pkg': CMAKE_PREFIX_PATH=${CMAKE_PREFIX_PATH}:/opt/ros/jazzy DEBUGINFOD_URLS=https://debuginfod.ubuntu.com /usr/bin/cmake --build /home/lennart/Dev/test/ros2_robothands/src/ros2_sensor_pkg/build/ros2_sensor_pkg -- -j16 -l16
[1.860s] [  1%] [34m[1mGenerating type hashes for ROS interfaces[0m
[1.861s] [  3%] [34m[1mGenerating Rust code for ROS interfaces[0m
[1.867s] [  3%] Built target ament_cmake_python_copy_ros2_sensor_pkg
[1.985s] running egg_info
[1.986s] creating ros2_sensor_pkg.egg-info
[1.995s] writing ros2_sensor_pkg.egg-info/PKG-INFO
[1.995s] writing dependency_links to ros2_sensor_pkg.egg-info/dependency_links.txt
[1.995s] writing top-level names to ros2_sensor_pkg.egg-info/top_level.txt
[1.995s] writing manifest file 'ros2_sensor_pkg.egg-info/SOURCES.txt'
[1.998s] [  3%] Built target ros2_sensor_pkg__rosidl_generator_type_description
[2.003s] [  5%] [34m[1mGenerating C code for ROS interfaces[0m
[2.008s] [  5%] Built target ros2_sensor_pkg__rs
[2.012s] [  7%] [34m[1mGenerating C++ code for ROS interfaces[0m
[2.027s] reading manifest file 'ros2_sensor_pkg.egg-info/SOURCES.txt'
[2.027s] writing manifest file 'ros2_sensor_pkg.egg-info/SOURCES.txt'
[2.045s] [  7%] Built target ament_cmake_python_build_ros2_sensor_pkg_egg
[2.180s] [  7%] Built target ros2_sensor_pkg__cpp
[2.201s] [  9%] [32mBuilding C object CMakeFiles/ros2_sensor_pkg__rosidl_generator_c.dir/rosidl_generator_c/ros2_sensor_pkg/msg/detail/lone_sensor__description.c.o[0m
[2.201s] [ 12%] [32mBuilding C object CMakeFiles/ros2_sensor_pkg__rosidl_generator_c.dir/rosidl_generator_c/ros2_sensor_pkg/msg/detail/all_sensors__description.c.o[0m
[2.201s] [ 12%] [32mBuilding C object CMakeFiles/ros2_sensor_pkg__rosidl_generator_c.dir/rosidl_generator_c/ros2_sensor_pkg/msg/detail/all_sensors__functions.c.o[0m
[2.202s] [ 14%] [32mBuilding C object CMakeFiles/ros2_sensor_pkg__rosidl_generator_c.dir/rosidl_generator_c/ros2_sensor_pkg/msg/detail/all_sensors__type_support.c.o[0m
[2.202s] [ 16%] [32mBuilding C object CMakeFiles/ros2_sensor_pkg__rosidl_generator_c.dir/rosidl_generator_c/ros2_sensor_pkg/msg/detail/sensor_user_command__description.c.o[0m
[2.202s] [ 18%] [32mBuilding C object CMakeFiles/ros2_sensor_pkg__rosidl_generator_c.dir/rosidl_generator_c/ros2_sensor_pkg/msg/detail/sensor_user_command__functions.c.o[0m
[2.203s] [ 20%] [32mBuilding C object CMakeFiles/ros2_sensor_pkg__rosidl_generator_c.dir/rosidl_generator_c/ros2_sensor_pkg/msg/detail/lone_sensor__functions.c.o[0m
[2.203s] [ 21%] [32mBuilding C object CMakeFiles/ros2_sensor_pkg__rosidl_generator_c.dir/rosidl_generator_c/ros2_sensor_pkg/msg/detail/lone_sensor__type_support.c.o[0m
[2.203s] [ 23%] [32mBuilding C object CMakeFiles/ros2_sensor_pkg__rosidl_generator_c.dir/rosidl_generator_c/ros2_sensor_pkg/msg/detail/sensor_user_command__type_support.c.o[0m
[2.278s] [ 25%] [32m[1mLinking C shared library libros2_sensor_pkg__rosidl_generator_c.so[0m
[2.312s] [ 25%] Built target ros2_sensor_pkg__rosidl_generator_c
[2.318s] [ 32%] [34m[1mGenerating C introspection for ROS interfaces[0m
[2.318s] [ 32%] [34m[1mGenerating C type support for eProsima Fast-RTPS[0m
[2.318s] [ 32%] [34m[1mGenerating C type support dispatch for ROS interfaces[0m
[2.318s] [ 32%] [34m[1mGenerating C++ type support for eProsima Fast-RTPS[0m
[2.318s] [ 36%] [34m[1mGenerating C++ type support dispatch for ROS interfaces[0m
[2.318s] [ 36%] [34m[1mGenerating C++ introspection for ROS interfaces[0m
[2.484s] [ 38%] [32mBuilding CXX object CMakeFiles/ros2_sensor_pkg__rosidl_typesupport_c.dir/rosidl_typesupport_c/ros2_sensor_pkg/msg/lone_sensor__type_support.cpp.o[0m
[2.485s] [ 40%] [32mBuilding CXX object CMakeFiles/ros2_sensor_pkg__rosidl_typesupport_cpp.dir/rosidl_typesupport_cpp/ros2_sensor_pkg/msg/all_sensors__type_support.cpp.o[0m
[2.486s] [ 43%] [32mBuilding CXX object CMakeFiles/ros2_sensor_pkg__rosidl_typesupport_cpp.dir/rosidl_typesupport_cpp/ros2_sensor_pkg/msg/lone_sensor__type_support.cpp.o[0m
[2.486s] [ 43%] [32mBuilding CXX object CMakeFiles/ros2_sensor_pkg__rosidl_typesupport_c.dir/rosidl_typesupport_c/ros2_sensor_pkg/msg/all_sensors__type_support.cpp.o[0m
[2.486s] [ 47%] [32mBuilding CXX object CMakeFiles/ros2_sensor_pkg__rosidl_typesupport_cpp.dir/rosidl_typesupport_cpp/ros2_sensor_pkg/msg/sensor_user_command__type_support.cpp.o[0m
[2.486s] [ 47%] [32mBuilding CXX object CMakeFiles/ros2_sensor_pkg__rosidl_typesupport_c.dir/rosidl_typesupport_c/ros2_sensor_pkg/msg/sensor_user_command__type_support.cpp.o[0m
[2.495s] [ 52%] [32mBuilding C object CMakeFiles/ros2_sensor_pkg__rosidl_typesupport_introspection_c.dir/rosidl_typesupport_introspection_c/ros2_sensor_pkg/msg/detail/all_sensors__type_support.c.o[0m
[2.495s] [ 52%] [32mBuilding C object CMakeFiles/ros2_sensor_pkg__rosidl_typesupport_introspection_c.dir/rosidl_typesupport_introspection_c/ros2_sensor_pkg/msg/detail/lone_sensor__type_support.c.o[0m
[2.495s] [ 52%] [32mBuilding C object CMakeFiles/ros2_sensor_pkg__rosidl_typesupport_introspection_c.dir/rosidl_typesupport_introspection_c/ros2_sensor_pkg/msg/detail/sensor_user_command__type_support.c.o[0m
[2.496s] [ 54%] [32mBuilding CXX object CMakeFiles/ros2_sensor_pkg__rosidl_typesupport_introspection_cpp.dir/rosidl_typesupport_introspection_cpp/ros2_sensor_pkg/msg/detail/sensor_user_command__type_support.cpp.o[0m
[2.496s] [ 56%] [32mBuilding CXX object CMakeFiles/ros2_sensor_pkg__rosidl_typesupport_introspection_cpp.dir/rosidl_typesupport_introspection_cpp/ros2_sensor_pkg/msg/detail/lone_sensor__type_support.cpp.o[0m
[2.497s] [ 58%] [32mBuilding CXX object CMakeFiles/ros2_sensor_pkg__rosidl_typesupport_introspection_cpp.dir/rosidl_typesupport_introspection_cpp/ros2_sensor_pkg/msg/detail/all_sensors__type_support.cpp.o[0m
[2.527s] [ 61%] [32mBuilding CXX object CMakeFiles/ros2_sensor_pkg__rosidl_typesupport_fastrtps_cpp.dir/rosidl_typesupport_fastrtps_cpp/ros2_sensor_pkg/msg/detail/dds_fastrtps/sensor_user_command__type_support.cpp.o[0m
[2.527s] [ 61%] [32mBuilding CXX object CMakeFiles/ros2_sensor_pkg__rosidl_typesupport_fastrtps_cpp.dir/rosidl_typesupport_fastrtps_cpp/ros2_sensor_pkg/msg/detail/dds_fastrtps/all_sensors__type_support.cpp.o[0m
[2.528s] [ 63%] [32m[1mLinking C shared library libros2_sensor_pkg__rosidl_typesupport_introspection_c.so[0m
[2.528s] [ 65%] [32mBuilding CXX object CMakeFiles/ros2_sensor_pkg__rosidl_typesupport_fastrtps_cpp.dir/rosidl_typesupport_fastrtps_cpp/ros2_sensor_pkg/msg/detail/dds_fastrtps/lone_sensor__type_support.cpp.o[0m
[2.534s] [ 69%] [32mBuilding CXX object CMakeFiles/ros2_sensor_pkg__rosidl_typesupport_fastrtps_c.dir/rosidl_typesupport_fastrtps_c/ros2_sensor_pkg/msg/detail/all_sensors__type_support_c.cpp.o[0m
[2.534s] [ 69%] [32mBuilding CXX object CMakeFiles/ros2_sensor_pkg__rosidl_typesupport_fastrtps_c.dir/rosidl_typesupport_fastrtps_c/ros2_sensor_pkg/msg/detail/lone_sensor__type_support_c.cpp.o[0m
[2.536s] [ 70%] [32mBuilding CXX object CMakeFiles/ros2_sensor_pkg__rosidl_typesupport_fastrtps_c.dir/rosidl_typesupport_fastrtps_c/ros2_sensor_pkg/msg/detail/sensor_user_command__type_support_c.cpp.o[0m
[2.555s] [ 70%] Built target ros2_sensor_pkg__rosidl_typesupport_introspection_c
[2.576s] [ 72%] [32m[1mLinking CXX shared library libros2_sensor_pkg__rosidl_typesupport_c.so[0m
[2.615s] [ 72%] Built target ros2_sensor_pkg__rosidl_typesupport_c
[2.759s] [ 74%] [32m[1mLinking CXX shared library libros2_sensor_pkg__rosidl_typesupport_cpp.so[0m
[2.794s] [ 74%] Built target ros2_sensor_pkg__rosidl_typesupport_cpp
[2.813s] [ 76%] [32m[1mLinking CXX shared library libros2_sensor_pkg__rosidl_typesupport_introspection_cpp.so[0m
[2.862s] [ 76%] Built target ros2_sensor_pkg__rosidl_typesupport_introspection_cpp
[2.884s] [ 78%] [32m[1mLinking CXX shared library libros2_sensor_pkg__rosidl_typesupport_fastrtps_c.so[0m
[2.907s] [ 80%] [32m[1mLinking CXX shared library libros2_sensor_pkg__rosidl_typesupport_fastrtps_cpp.so[0m
[2.932s] [ 80%] Built target ros2_sensor_pkg__rosidl_typesupport_fastrtps_c
[2.953s] [ 80%] Built target ros2_sensor_pkg__rosidl_typesupport_fastrtps_cpp
[2.966s] [ 80%] Built target ros2_sensor_pkg
[2.980s] [ 81%] [34m[1mGenerating Python code for ROS interfaces[0m
[3.209s] [ 81%] Built target ros2_sensor_pkg__py
[3.221s] [ 83%] [32mBuilding C object CMakeFiles/ros2_sensor_pkg__rosidl_generator_py.dir/rosidl_generator_py/ros2_sensor_pkg/msg/_sensor_user_command_s.c.o[0m
[3.221s] [ 87%] [32mBuilding C object CMakeFiles/ros2_sensor_pkg__rosidl_generator_py.dir/rosidl_generator_py/ros2_sensor_pkg/msg/_all_sensors_s.c.o[0m
[3.221s] [ 87%] [32mBuilding C object CMakeFiles/ros2_sensor_pkg__rosidl_generator_py.dir/rosidl_generator_py/ros2_sensor_pkg/msg/_lone_sensor_s.c.o[0m
[3.311s] [ 89%] [32m[1mLinking C shared library libros2_sensor_pkg__rosidl_generator_py.so[0m
[3.342s] [ 89%] Built target ros2_sensor_pkg__rosidl_generator_py
[3.353s] [ 90%] [32mBuilding C object CMakeFiles/ros2_sensor_pkg_s__rosidl_typesupport_c.dir/rosidl_generator_py/ros2_sensor_pkg/_ros2_sensor_pkg_s.ep.rosidl_typesupport_c.c.o[0m
[3.357s] [ 92%] [32mBuilding C object CMakeFiles/ros2_sensor_pkg_s__rosidl_typesupport_introspection_c.dir/rosidl_generator_py/ros2_sensor_pkg/_ros2_sensor_pkg_s.ep.rosidl_typesupport_introspection_c.c.o[0m
[3.358s] [ 94%] [32mBuilding C object CMakeFiles/ros2_sensor_pkg_s__rosidl_typesupport_fastrtps_c.dir/rosidl_generator_py/ros2_sensor_pkg/_ros2_sensor_pkg_s.ep.rosidl_typesupport_fastrtps_c.c.o[0m
[3.407s] [ 96%] [32m[1mLinking C shared module rosidl_generator_py/ros2_sensor_pkg/ros2_sensor_pkg_s__rosidl_typesupport_c.so[0m
[3.413s] [ 98%] [32m[1mLinking C shared module rosidl_generator_py/ros2_sensor_pkg/ros2_sensor_pkg_s__rosidl_typesupport_fastrtps_c.so[0m
[3.413s] [100%] [32m[1mLinking C shared module rosidl_generator_py/ros2_sensor_pkg/ros2_sensor_pkg_s__rosidl_typesupport_introspection_c.so[0m
[3.427s] [100%] Built target ros2_sensor_pkg_s__rosidl_typesupport_c
[3.430s] [100%] Built target ros2_sensor_pkg_s__rosidl_typesupport_fastrtps_c
[3.432s] [100%] Built target ros2_sensor_pkg_s__rosidl_typesupport_introspection_c
[3.439s] Invoked command in '/home/lennart/Dev/test/ros2_robothands/src/ros2_sensor_pkg/build/ros2_sensor_pkg' returned '0': CMAKE_PREFIX_PATH=${CMAKE_PREFIX_PATH}:/opt/ros/jazzy DEBUGINFOD_URLS=https://debuginfod.ubuntu.com /usr/bin/cmake --build /home/lennart/Dev/test/ros2_robothands/src/ros2_sensor_pkg/build/ros2_sensor_pkg -- -j16 -l16
[3.445s] Invoking command in '/home/lennart/Dev/test/ros2_robothands/src/ros2_sensor_pkg/build/ros2_sensor_pkg': CMAKE_PREFIX_PATH=${CMAKE_PREFIX_PATH}:/opt/ros/jazzy DEBUGINFOD_URLS=https://debuginfod.ubuntu.com /usr/bin/cmake --install /home/lennart/Dev/test/ros2_robothands/src/ros2_sensor_pkg/build/ros2_sensor_pkg
[3.450s] -- Install configuration: ""
[3.450s] -- Installing: /home/lennart/Dev/test/ros2_robothands/src/ros2_sensor_pkg/install/ros2_sensor_pkg/share/ament_index/resource_index/rosidl_interfaces/ros2_sensor_pkg
[3.450s] -- Installing: /home/lennart/Dev/test/ros2_robothands/src/ros2_sensor_pkg/install/ros2_sensor_pkg/share/ros2_sensor_pkg/msg/LoneSensor.json
[3.451s] -- Installing: /home/lennart/Dev/test/ros2_robothands/src/ros2_sensor_pkg/install/ros2_sensor_pkg/share/ros2_sensor_pkg/msg/AllSensors.json
[3.451s] -- Installing: /home/lennart/Dev/test/ros2_robothands/src/ros2_sensor_pkg/install/ros2_sensor_pkg/share/ros2_sensor_pkg/msg/SensorUserCommand.json
[3.451s] -- Installing: /home/lennart/Dev/test/ros2_robothands/src/ros2_sensor_pkg/install/ros2_sensor_pkg/include/ros2_sensor_pkg/ros2_sensor_pkg
[3.451s] -- Installing: /home/lennart/Dev/test/ros2_robothands/src/ros2_sensor_pkg/install/ros2_sensor_pkg/include/ros2_sensor_pkg/ros2_sensor_pkg/msg
[3.451s] -- Installing: /home/lennart/Dev/test/ros2_robothands/src/ros2_sensor_pkg/install/ros2_sensor_pkg/include/ros2_sensor_pkg/ros2_sensor_pkg/msg/all_sensors.h
[3.451s] -- Installing: /home/lennart/Dev/test/ros2_robothands/src/ros2_sensor_pkg/install/ros2_sensor_pkg/include/ros2_sensor_pkg/ros2_sensor_pkg/msg/rosidl_generator_c__visibility_control.h
[3.451s] -- Installing: /home/lennart/Dev/test/ros2_robothands/src/ros2_sensor_pkg/install/ros2_sensor_pkg/include/ros2_sensor_pkg/ros2_sensor_pkg/msg/detail
[3.451s] -- Installing: /home/lennart/Dev/test/ros2_robothands/src/ros2_sensor_pkg/install/ros2_sensor_pkg/include/ros2_sensor_pkg/ros2_sensor_pkg/msg/detail/all_sensors__struct.h
[3.451s] -- Installing: /home/lennart/Dev/test/ros2_robothands/src/ros2_sensor_pkg/install/ros2_sensor_pkg/include/ros2_sensor_pkg/ros2_sensor_pkg/msg/detail/all_sensors__description.c
[3.451s] -- Installing: /home/lennart/Dev/test/ros2_robothands/src/ros2_sensor_pkg/install/ros2_sensor_pkg/include/ros2_sensor_pkg/ros2_sensor_pkg/msg/detail/all_sensors__type_support.h
[3.452s] -- Installing: /home/lennart/Dev/test/ros2_robothands/src/ros2_sensor_pkg/install/ros2_sensor_pkg/include/ros2_sensor_pkg/ros2_sensor_pkg/msg/detail/lone_sensor__description.c
[3.452s] -- Installing: /home/lennart/Dev/test/ros2_robothands/src/ros2_sensor_pkg/install/ros2_sensor_pkg/include/ros2_sensor_pkg/ros2_sensor_pkg/msg/detail/lone_sensor__functions.c
[3.452s] -- Installing: /home/lennart/Dev/test/ros2_robothands/src/ros2_sensor_pkg/install/ros2_sensor_pkg/include/ros2_sensor_pkg/ros2_sensor_pkg/msg/detail/sensor_user_command__description.c
[3.452s] -- Installing: /home/lennart/Dev/test/ros2_robothands/src/ros2_sensor_pkg/install/ros2_sensor_pkg/include/ros2_sensor_pkg/ros2_sensor_pkg/msg/detail/sensor_user_command__functions.h
[3.452s] -- Installing: /home/lennart/Dev/test/ros2_robothands/src/ros2_sensor_pkg/install/ros2_sensor_pkg/include/ros2_sensor_pkg/ros2_sensor_pkg/msg/detail/sensor_user_command__functions.c
[3.452s] -- Installing: /home/lennart/Dev/test/ros2_robothands/src/ros2_sensor_pkg/install/ros2_sensor_pkg/include/ros2_sensor_pkg/ros2_sensor_pkg/msg/detail/all_sensors__functions.h
[3.452s] -- Installing: /home/lennart/Dev/test/ros2_robothands/src/ros2_sensor_pkg/install/ros2_sensor_pkg/include/ros2_sensor_pkg/ros2_sensor_pkg/msg/detail/all_sensors__functions.c
[3.452s] -- Installing: /home/lennart/Dev/test/ros2_robothands/src/ros2_sensor_pkg/install/ros2_sensor_pkg/include/ros2_sensor_pkg/ros2_sensor_pkg/msg/detail/lone_sensor__type_support.c
[3.452s] -- Installing: /home/lennart/Dev/test/ros2_robothands/src/ros2_sensor_pkg/install/ros2_sensor_pkg/include/ros2_sensor_pkg/ros2_sensor_pkg/msg/detail/sensor_user_command__type_support.c
[3.452s] -- Installing: /home/lennart/Dev/test/ros2_robothands/src/ros2_sensor_pkg/install/ros2_sensor_pkg/include/ros2_sensor_pkg/ros2_sensor_pkg/msg/detail/lone_sensor__functions.h
[3.452s] -- Installing: /home/lennart/Dev/test/ros2_robothands/src/ros2_sensor_pkg/install/ros2_sensor_pkg/include/ros2_sensor_pkg/ros2_sensor_pkg/msg/detail/all_sensors__type_support.c
[3.452s] -- Installing: /home/lennart/Dev/test/ros2_robothands/src/ros2_sensor_pkg/install/ros2_sensor_pkg/include/ros2_sensor_pkg/ros2_sensor_pkg/msg/detail/sensor_user_command__type_support.h
[3.453s] -- Installing: /home/lennart/Dev/test/ros2_robothands/src/ros2_sensor_pkg/install/ros2_sensor_pkg/include/ros2_sensor_pkg/ros2_sensor_pkg/msg/detail/lone_sensor__type_support.h
[3.453s] -- Installing: /home/lennart/Dev/test/ros2_robothands/src/ros2_sensor_pkg/install/ros2_sensor_pkg/include/ros2_sensor_pkg/ros2_sensor_pkg/msg/detail/lone_sensor__struct.h
[3.453s] -- Installing: /home/lennart/Dev/test/ros2_robothands/src/ros2_sensor_pkg/install/ros2_sensor_pkg/include/ros2_sensor_pkg/ros2_sensor_pkg/msg/detail/sensor_user_command__struct.h
[3.453s] -- Installing: /home/lennart/Dev/test/ros2_robothands/src/ros2_sensor_pkg/install/ros2_sensor_pkg/include/ros2_sensor_pkg/ros2_sensor_pkg/msg/lone_sensor.h
[3.453s] -- Installing: /home/lennart/Dev/test/ros2_robothands/src/ros2_sensor_pkg/install/ros2_sensor_pkg/include/ros2_sensor_pkg/ros2_sensor_pkg/msg/sensor_user_command.h
[3.453s] -- Installing: /home/lennart/Dev/test/ros2_robothands/src/ros2_sensor_pkg/install/ros2_sensor_pkg/share/ros2_sensor_pkg/environment/library_path.sh
[3.453s] -- Installing: /home/lennart/Dev/test/ros2_robothands/src/ros2_sensor_pkg/install/ros2_sensor_pkg/share/ros2_sensor_pkg/environment/library_path.dsv
[3.453s] -- Installing: /home/lennart/Dev/test/ros2_robothands/src/ros2_sensor_pkg/install/ros2_sensor_pkg/lib/libros2_sensor_pkg__rosidl_generator_c.so
[3.453s] -- Set non-toolchain portion of runtime path of "/home/lennart/Dev/test/ros2_robothands/src/ros2_sensor_pkg/install/ros2_sensor_pkg/lib/libros2_sensor_pkg__rosidl_generator_c.so" to ""
[3.453s] -- Up-to-date: /home/lennart/Dev/test/ros2_robothands/src/ros2_sensor_pkg/install/ros2_sensor_pkg/include/ros2_sensor_pkg/ros2_sensor_pkg
[3.453s] -- Up-to-date: /home/lennart/Dev/test/ros2_robothands/src/ros2_sensor_pkg/install/ros2_sensor_pkg/include/ros2_sensor_pkg/ros2_sensor_pkg/msg
[3.454s] -- Up-to-date: /home/lennart/Dev/test/ros2_robothands/src/ros2_sensor_pkg/install/ros2_sensor_pkg/include/ros2_sensor_pkg/ros2_sensor_pkg/msg/detail
[3.454s] -- Installing: /home/lennart/Dev/test/ros2_robothands/src/ros2_sensor_pkg/install/ros2_sensor_pkg/include/ros2_sensor_pkg/ros2_sensor_pkg/msg/detail/sensor_user_command__rosidl_typesupport_fastrtps_c.h
[3.454s] -- Installing: /home/lennart/Dev/test/ros2_robothands/src/ros2_sensor_pkg/install/ros2_sensor_pkg/include/ros2_sensor_pkg/ros2_sensor_pkg/msg/detail/all_sensors__rosidl_typesupport_fastrtps_c.h
[3.454s] -- Installing: /home/lennart/Dev/test/ros2_robothands/src/ros2_sensor_pkg/install/ros2_sensor_pkg/include/ros2_sensor_pkg/ros2_sensor_pkg/msg/detail/lone_sensor__rosidl_typesupport_fastrtps_c.h
[3.454s] -- Installing: /home/lennart/Dev/test/ros2_robothands/src/ros2_sensor_pkg/install/ros2_sensor_pkg/include/ros2_sensor_pkg/ros2_sensor_pkg/msg/rosidl_typesupport_fastrtps_c__visibility_control.h
[3.454s] -- Installing: /home/lennart/Dev/test/ros2_robothands/src/ros2_sensor_pkg/install/ros2_sensor_pkg/lib/libros2_sensor_pkg__rosidl_typesupport_fastrtps_c.so
[3.454s] -- Set non-toolchain portion of runtime path of "/home/lennart/Dev/test/ros2_robothands/src/ros2_sensor_pkg/install/ros2_sensor_pkg/lib/libros2_sensor_pkg__rosidl_typesupport_fastrtps_c.so" to ""
[3.454s] -- Up-to-date: /home/lennart/Dev/test/ros2_robothands/src/ros2_sensor_pkg/install/ros2_sensor_pkg/include/ros2_sensor_pkg/ros2_sensor_pkg
[3.454s] -- Up-to-date: /home/lennart/Dev/test/ros2_robothands/src/ros2_sensor_pkg/install/ros2_sensor_pkg/include/ros2_sensor_pkg/ros2_sensor_pkg/msg
[3.454s] -- Installing: /home/lennart/Dev/test/ros2_robothands/src/ros2_sensor_pkg/install/ros2_sensor_pkg/include/ros2_sensor_pkg/ros2_sensor_pkg/msg/rosidl_typesupport_introspection_c__visibility_control.h
[3.454s] -- Up-to-date: /home/lennart/Dev/test/ros2_robothands/src/ros2_sensor_pkg/install/ros2_sensor_pkg/include/ros2_sensor_pkg/ros2_sensor_pkg/msg/detail
[3.455s] -- Installing: /home/lennart/Dev/test/ros2_robothands/src/ros2_sensor_pkg/install/ros2_sensor_pkg/include/ros2_sensor_pkg/ros2_sensor_pkg/msg/detail/all_sensors__rosidl_typesupport_introspection_c.h
[3.455s] -- Installing: /home/lennart/Dev/test/ros2_robothands/src/ros2_sensor_pkg/install/ros2_sensor_pkg/include/ros2_sensor_pkg/ros2_sensor_pkg/msg/detail/sensor_user_command__rosidl_typesupport_introspection_c.h
[3.455s] -- Up-to-date: /home/lennart/Dev/test/ros2_robothands/src/ros2_sensor_pkg/install/ros2_sensor_pkg/include/ros2_sensor_pkg/ros2_sensor_pkg/msg/detail/lone_sensor__type_support.c
[3.455s] -- Up-to-date: /home/lennart/Dev/test/ros2_robothands/src/ros2_sensor_pkg/install/ros2_sensor_pkg/include/ros2_sensor_pkg/ros2_sensor_pkg/msg/detail/sensor_user_command__type_support.c
[3.455s] -- Up-to-date: /home/lennart/Dev/test/ros2_robothands/src/ros2_sensor_pkg/install/ros2_sensor_pkg/include/ros2_sensor_pkg/ros2_sensor_pkg/msg/detail/all_sensors__type_support.c
[3.455s] -- Installing: /home/lennart/Dev/test/ros2_robothands/src/ros2_sensor_pkg/install/ros2_sensor_pkg/include/ros2_sensor_pkg/ros2_sensor_pkg/msg/detail/lone_sensor__rosidl_typesupport_introspection_c.h
[3.455s] -- Installing: /home/lennart/Dev/test/ros2_robothands/src/ros2_sensor_pkg/install/ros2_sensor_pkg/lib/libros2_sensor_pkg__rosidl_typesupport_introspection_c.so
[3.455s] -- Set non-toolchain portion of runtime path of "/home/lennart/Dev/test/ros2_robothands/src/ros2_sensor_pkg/install/ros2_sensor_pkg/lib/libros2_sensor_pkg__rosidl_typesupport_introspection_c.so" to ""
[3.455s] -- Installing: /home/lennart/Dev/test/ros2_robothands/src/ros2_sensor_pkg/install/ros2_sensor_pkg/lib/libros2_sensor_pkg__rosidl_typesupport_c.so
[3.455s] -- Set non-toolchain portion of runtime path of "/home/lennart/Dev/test/ros2_robothands/src/ros2_sensor_pkg/install/ros2_sensor_pkg/lib/libros2_sensor_pkg__rosidl_typesupport_c.so" to ""
[3.455s] -- Up-to-date: /home/lennart/Dev/test/ros2_robothands/src/ros2_sensor_pkg/install/ros2_sensor_pkg/include/ros2_sensor_pkg/ros2_sensor_pkg
[3.455s] -- Up-to-date: /home/lennart/Dev/test/ros2_robothands/src/ros2_sensor_pkg/install/ros2_sensor_pkg/include/ros2_sensor_pkg/ros2_sensor_pkg/msg
[3.455s] -- Installing: /home/lennart/Dev/test/ros2_robothands/src/ros2_sensor_pkg/install/ros2_sensor_pkg/include/ros2_sensor_pkg/ros2_sensor_pkg/msg/all_sensors.hpp
[3.455s] -- Installing: /home/lennart/Dev/test/ros2_robothands/src/ros2_sensor_pkg/install/ros2_sensor_pkg/include/ros2_sensor_pkg/ros2_sensor_pkg/msg/sensor_user_command.hpp
[3.455s] -- Installing: /home/lennart/Dev/test/ros2_robothands/src/ros2_sensor_pkg/install/ros2_sensor_pkg/include/ros2_sensor_pkg/ros2_sensor_pkg/msg/rosidl_generator_cpp__visibility_control.hpp
[3.455s] -- Up-to-date: /home/lennart/Dev/test/ros2_robothands/src/ros2_sensor_pkg/install/ros2_sensor_pkg/include/ros2_sensor_pkg/ros2_sensor_pkg/msg/detail
[3.455s] -- Installing: /home/lennart/Dev/test/ros2_robothands/src/ros2_sensor_pkg/install/ros2_sensor_pkg/include/ros2_sensor_pkg/ros2_sensor_pkg/msg/detail/sensor_user_command__struct.hpp
[3.455s] -- Installing: /home/lennart/Dev/test/ros2_robothands/src/ros2_sensor_pkg/install/ros2_sensor_pkg/include/ros2_sensor_pkg/ros2_sensor_pkg/msg/detail/all_sensors__builder.hpp
[3.455s] -- Installing: /home/lennart/Dev/test/ros2_robothands/src/ros2_sensor_pkg/install/ros2_sensor_pkg/include/ros2_sensor_pkg/ros2_sensor_pkg/msg/detail/all_sensors__struct.hpp
[3.455s] -- Installing: /home/lennart/Dev/test/ros2_robothands/src/ros2_sensor_pkg/install/ros2_sensor_pkg/include/ros2_sensor_pkg/ros2_sensor_pkg/msg/detail/all_sensors__traits.hpp
[3.456s] -- Installing: /home/lennart/Dev/test/ros2_robothands/src/ros2_sensor_pkg/install/ros2_sensor_pkg/include/ros2_sensor_pkg/ros2_sensor_pkg/msg/detail/all_sensors__type_support.hpp
[3.456s] -- Installing: /home/lennart/Dev/test/ros2_robothands/src/ros2_sensor_pkg/install/ros2_sensor_pkg/include/ros2_sensor_pkg/ros2_sensor_pkg/msg/detail/lone_sensor__traits.hpp
[3.456s] -- Installing: /home/lennart/Dev/test/ros2_robothands/src/ros2_sensor_pkg/install/ros2_sensor_pkg/include/ros2_sensor_pkg/ros2_sensor_pkg/msg/detail/sensor_user_command__type_support.hpp
[3.456s] -- Installing: /home/lennart/Dev/test/ros2_robothands/src/ros2_sensor_pkg/install/ros2_sensor_pkg/include/ros2_sensor_pkg/ros2_sensor_pkg/msg/detail/lone_sensor__struct.hpp
[3.456s] -- Installing: /home/lennart/Dev/test/ros2_robothands/src/ros2_sensor_pkg/install/ros2_sensor_pkg/include/ros2_sensor_pkg/ros2_sensor_pkg/msg/detail/lone_sensor__type_support.hpp
[3.456s] -- Installing: /home/lennart/Dev/test/ros2_robothands/src/ros2_sensor_pkg/install/ros2_sensor_pkg/include/ros2_sensor_pkg/ros2_sensor_pkg/msg/detail/sensor_user_command__builder.hpp
[3.456s] -- Installing: /home/lennart/Dev/test/ros2_robothands/src/ros2_sensor_pkg/install/ros2_sensor_pkg/include/ros2_sensor_pkg/ros2_sensor_pkg/msg/detail/sensor_user_command__traits.hpp
[3.456s] -- Installing: /home/lennart/Dev/test/ros2_robothands/src/ros2_sensor_pkg/install/ros2_sensor_pkg/include/ros2_sensor_pkg/ros2_sensor_pkg/msg/detail/lone_sensor__builder.hpp
[3.456s] -- Installing: /home/lennart/Dev/test/ros2_robothands/src/ros2_sensor_pkg/install/ros2_sensor_pkg/include/ros2_sensor_pkg/ros2_sensor_pkg/msg/lone_sensor.hpp
[3.456s] -- Up-to-date: /home/lennart/Dev/test/ros2_robothands/src/ros2_sensor_pkg/install/ros2_sensor_pkg/include/ros2_sensor_pkg/ros2_sensor_pkg
[3.456s] -- Up-to-date: /home/lennart/Dev/test/ros2_robothands/src/ros2_sensor_pkg/install/ros2_sensor_pkg/include/ros2_sensor_pkg/ros2_sensor_pkg/msg
[3.456s] -- Up-to-date: /home/lennart/Dev/test/ros2_robothands/src/ros2_sensor_pkg/install/ros2_sensor_pkg/include/ros2_sensor_pkg/ros2_sensor_pkg/msg/detail
[3.456s] -- Installing: /home/lennart/Dev/test/ros2_robothands/src/ros2_sensor_pkg/install/ros2_sensor_pkg/include/ros2_sensor_pkg/ros2_sensor_pkg/msg/detail/all_sensors__rosidl_typesupport_fastrtps_cpp.hpp
[3.456s] -- Installing: /home/lennart/Dev/test/ros2_robothands/src/ros2_sensor_pkg/install/ros2_sensor_pkg/include/ros2_sensor_pkg/ros2_sensor_pkg/msg/detail/lone_sensor__rosidl_typesupport_fastrtps_cpp.hpp
[3.456s] -- Installing: /home/lennart/Dev/test/ros2_robothands/src/ros2_sensor_pkg/install/ros2_sensor_pkg/include/ros2_sensor_pkg/ros2_sensor_pkg/msg/detail/dds_fastrtps
[3.456s] -- Installing: /home/lennart/Dev/test/ros2_robothands/src/ros2_sensor_pkg/install/ros2_sensor_pkg/include/ros2_sensor_pkg/ros2_sensor_pkg/msg/detail/sensor_user_command__rosidl_typesupport_fastrtps_cpp.hpp
[3.456s] -- Installing: /home/lennart/Dev/test/ros2_robothands/src/ros2_sensor_pkg/install/ros2_sensor_pkg/include/ros2_sensor_pkg/ros2_sensor_pkg/msg/rosidl_typesupport_fastrtps_cpp__visibility_control.h
[3.456s] -- Installing: /home/lennart/Dev/test/ros2_robothands/src/ros2_sensor_pkg/install/ros2_sensor_pkg/lib/libros2_sensor_pkg__rosidl_typesupport_fastrtps_cpp.so
[3.456s] -- Set non-toolchain portion of runtime path of "/home/lennart/Dev/test/ros2_robothands/src/ros2_sensor_pkg/install/ros2_sensor_pkg/lib/libros2_sensor_pkg__rosidl_typesupport_fastrtps_cpp.so" to ""
[3.456s] -- Up-to-date: /home/lennart/Dev/test/ros2_robothands/src/ros2_sensor_pkg/install/ros2_sensor_pkg/include/ros2_sensor_pkg/ros2_sensor_pkg
[3.456s] -- Up-to-date: /home/lennart/Dev/test/ros2_robothands/src/ros2_sensor_pkg/install/ros2_sensor_pkg/include/ros2_sensor_pkg/ros2_sensor_pkg/msg
[3.456s] -- Up-to-date: /home/lennart/Dev/test/ros2_robothands/src/ros2_sensor_pkg/install/ros2_sensor_pkg/include/ros2_sensor_pkg/ros2_sensor_pkg/msg/detail
[3.456s] -- Installing: /home/lennart/Dev/test/ros2_robothands/src/ros2_sensor_pkg/install/ros2_sensor_pkg/include/ros2_sensor_pkg/ros2_sensor_pkg/msg/detail/all_sensors__type_support.cpp
[3.456s] -- Installing: /home/lennart/Dev/test/ros2_robothands/src/ros2_sensor_pkg/install/ros2_sensor_pkg/include/ros2_sensor_pkg/ros2_sensor_pkg/msg/detail/lone_sensor__rosidl_typesupport_introspection_cpp.hpp
[3.456s] -- Installing: /home/lennart/Dev/test/ros2_robothands/src/ros2_sensor_pkg/install/ros2_sensor_pkg/include/ros2_sensor_pkg/ros2_sensor_pkg/msg/detail/sensor_user_command__rosidl_typesupport_introspection_cpp.hpp
[3.456s] -- Installing: /home/lennart/Dev/test/ros2_robothands/src/ros2_sensor_pkg/install/ros2_sensor_pkg/include/ros2_sensor_pkg/ros2_sensor_pkg/msg/detail/all_sensors__rosidl_typesupport_introspection_cpp.hpp
[3.456s] -- Installing: /home/lennart/Dev/test/ros2_robothands/src/ros2_sensor_pkg/install/ros2_sensor_pkg/include/ros2_sensor_pkg/ros2_sensor_pkg/msg/detail/lone_sensor__type_support.cpp
[3.456s] -- Installing: /home/lennart/Dev/test/ros2_robothands/src/ros2_sensor_pkg/install/ros2_sensor_pkg/include/ros2_sensor_pkg/ros2_sensor_pkg/msg/detail/sensor_user_command__type_support.cpp
[3.456s] -- Installing: /home/lennart/Dev/test/ros2_robothands/src/ros2_sensor_pkg/install/ros2_sensor_pkg/lib/libros2_sensor_pkg__rosidl_typesupport_introspection_cpp.so
[3.456s] -- Set non-toolchain portion of runtime path of "/home/lennart/Dev/test/ros2_robothands/src/ros2_sensor_pkg/install/ros2_sensor_pkg/lib/libros2_sensor_pkg__rosidl_typesupport_introspection_cpp.so" to ""
[3.456s] -- Installing: /home/lennart/Dev/test/ros2_robothands/src/ros2_sensor_pkg/install/ros2_sensor_pkg/lib/libros2_sensor_pkg__rosidl_typesupport_cpp.so
[3.456s] -- Set non-toolchain portion of runtime path of "/home/lennart/Dev/test/ros2_robothands/src/ros2_sensor_pkg/install/ros2_sensor_pkg/lib/libros2_sensor_pkg__rosidl_typesupport_cpp.so" to ""
[3.456s] -- Installing: /home/lennart/Dev/test/ros2_robothands/src/ros2_sensor_pkg/install/ros2_sensor_pkg/share/ros2_sensor_pkg/environment/pythonpath.sh
[3.456s] -- Installing: /home/lennart/Dev/test/ros2_robothands/src/ros2_sensor_pkg/install/ros2_sensor_pkg/share/ros2_sensor_pkg/environment/pythonpath.dsv
[3.456s] -- Installing: /home/lennart/Dev/test/ros2_robothands/src/ros2_sensor_pkg/install/ros2_sensor_pkg/lib/python3.12/site-packages/ros2_sensor_pkg-0.1.0-py3.12.egg-info
[3.456s] -- Installing: /home/lennart/Dev/test/ros2_robothands/src/ros2_sensor_pkg/install/ros2_sensor_pkg/lib/python3.12/site-packages/ros2_sensor_pkg-0.1.0-py3.12.egg-info/top_level.txt
[3.456s] -- Installing: /home/lennart/Dev/test/ros2_robothands/src/ros2_sensor_pkg/install/ros2_sensor_pkg/lib/python3.12/site-packages/ros2_sensor_pkg-0.1.0-py3.12.egg-info/dependency_links.txt
[3.456s] -- Installing: /home/lennart/Dev/test/ros2_robothands/src/ros2_sensor_pkg/install/ros2_sensor_pkg/lib/python3.12/site-packages/ros2_sensor_pkg-0.1.0-py3.12.egg-info/SOURCES.txt
[3.457s] -- Installing: /home/lennart/Dev/test/ros2_robothands/src/ros2_sensor_pkg/install/ros2_sensor_pkg/lib/python3.12/site-packages/ros2_sensor_pkg-0.1.0-py3.12.egg-info/PKG-INFO
[3.457s] -- Installing: /home/lennart/Dev/test/ros2_robothands/src/ros2_sensor_pkg/install/ros2_sensor_pkg/lib/python3.12/site-packages/ros2_sensor_pkg
[3.457s] -- Installing: /home/lennart/Dev/test/ros2_robothands/src/ros2_sensor_pkg/install/ros2_sensor_pkg/lib/python3.12/site-packages/ros2_sensor_pkg/_ros2_sensor_pkg_s.ep.rosidl_typesupport_introspection_c.c
[3.457s] -- Installing: /home/lennart/Dev/test/ros2_robothands/src/ros2_sensor_pkg/install/ros2_sensor_pkg/lib/python3.12/site-packages/ros2_sensor_pkg/msg
[3.457s] -- Installing: /home/lennart/Dev/test/ros2_robothands/src/ros2_sensor_pkg/install/ros2_sensor_pkg/lib/python3.12/site-packages/ros2_sensor_pkg/msg/_lone_sensor.py
[3.457s] -- Installing: /home/lennart/Dev/test/ros2_robothands/src/ros2_sensor_pkg/install/ros2_sensor_pkg/lib/python3.12/site-packages/ros2_sensor_pkg/msg/_all_sensors.py
[3.457s] -- Installing: /home/lennart/Dev/test/ros2_robothands/src/ros2_sensor_pkg/install/ros2_sensor_pkg/lib/python3.12/site-packages/ros2_sensor_pkg/msg/__init__.py
[3.457s] -- Installing: /home/lennart/Dev/test/ros2_robothands/src/ros2_sensor_pkg/install/ros2_sensor_pkg/lib/python3.12/site-packages/ros2_sensor_pkg/msg/_sensor_user_command.py
[3.457s] -- Installing: /home/lennart/Dev/test/ros2_robothands/src/ros2_sensor_pkg/install/ros2_sensor_pkg/lib/python3.12/site-packages/ros2_sensor_pkg/msg/_all_sensors_s.c
[3.457s] -- Installing: /home/lennart/Dev/test/ros2_robothands/src/ros2_sensor_pkg/install/ros2_sensor_pkg/lib/python3.12/site-packages/ros2_sensor_pkg/msg/_sensor_user_command_s.c
[3.457s] -- Installing: /home/lennart/Dev/test/ros2_robothands/src/ros2_sensor_pkg/install/ros2_sensor_pkg/lib/python3.12/site-packages/ros2_sensor_pkg/msg/_lone_sensor_s.c
[3.457s] -- Installing: /home/lennart/Dev/test/ros2_robothands/src/ros2_sensor_pkg/install/ros2_sensor_pkg/lib/python3.12/site-packages/ros2_sensor_pkg/ros2_sensor_pkg_s__rosidl_typesupport_fastrtps_c.so
[3.457s] -- Installing: /home/lennart/Dev/test/ros2_robothands/src/ros2_sensor_pkg/install/ros2_sensor_pkg/lib/python3.12/site-packages/ros2_sensor_pkg/_ros2_sensor_pkg_s.ep.rosidl_typesupport_c.c
[3.457s] -- Installing: /home/lennart/Dev/test/ros2_robothands/src/ros2_sensor_pkg/install/ros2_sensor_pkg/lib/python3.12/site-packages/ros2_sensor_pkg/ros2_sensor_pkg_s__rosidl_typesupport_introspection_c.so
[3.457s] -- Installing: /home/lennart/Dev/test/ros2_robothands/src/ros2_sensor_pkg/install/ros2_sensor_pkg/lib/python3.12/site-packages/ros2_sensor_pkg/_ros2_sensor_pkg_s.ep.rosidl_typesupport_fastrtps_c.c
[3.457s] -- Installing: /home/lennart/Dev/test/ros2_robothands/src/ros2_sensor_pkg/install/ros2_sensor_pkg/lib/python3.12/site-packages/ros2_sensor_pkg/__init__.py
[3.457s] -- Installing: /home/lennart/Dev/test/ros2_robothands/src/ros2_sensor_pkg/install/ros2_sensor_pkg/lib/python3.12/site-packages/ros2_sensor_pkg/ros2_sensor_pkg_s__rosidl_typesupport_c.so
[3.480s] Listing '/home/lennart/Dev/test/ros2_robothands/src/ros2_sensor_pkg/install/ros2_sensor_pkg/lib/python3.12/site-packages/ros2_sensor_pkg'...
[3.480s] Compiling '/home/lennart/Dev/test/ros2_robothands/src/ros2_sensor_pkg/install/ros2_sensor_pkg/lib/python3.12/site-packages/ros2_sensor_pkg/__init__.py'...
[3.480s] Listing '/home/lennart/Dev/test/ros2_robothands/src/ros2_sensor_pkg/install/ros2_sensor_pkg/lib/python3.12/site-packages/ros2_sensor_pkg/msg'...
[3.480s] Compiling '/home/lennart/Dev/test/ros2_robothands/src/ros2_sensor_pkg/install/ros2_sensor_pkg/lib/python3.12/site-packages/ros2_sensor_pkg/msg/__init__.py'...
[3.480s] Compiling '/home/lennart/Dev/test/ros2_robothands/src/ros2_sensor_pkg/install/ros2_sensor_pkg/lib/python3.12/site-packages/ros2_sensor_pkg/msg/_all_sensors.py'...
[3.480s] Compiling '/home/lennart/Dev/test/ros2_robothands/src/ros2_sensor_pkg/install/ros2_sensor_pkg/lib/python3.12/site-packages/ros2_sensor_pkg/msg/_lone_sensor.py'...
[3.480s] Compiling '/home/lennart/Dev/test/ros2_robothands/src/ros2_sensor_pkg/install/ros2_sensor_pkg/lib/python3.12/site-packages/ros2_sensor_pkg/msg/_sensor_user_command.py'...
[3.483s] -- Installing: /home/lennart/Dev/test/ros2_robothands/src/ros2_sensor_pkg/install/ros2_sensor_pkg/lib/python3.12/site-packages/ros2_sensor_pkg/ros2_sensor_pkg_s__rosidl_typesupport_fastrtps_c.so
[3.483s] -- Set non-toolchain portion of runtime path of "/home/lennart/Dev/test/ros2_robothands/src/ros2_sensor_pkg/install/ros2_sensor_pkg/lib/python3.12/site-packages/ros2_sensor_pkg/ros2_sensor_pkg_s__rosidl_typesupport_fastrtps_c.so" to ""
[3.483s] -- Installing: /home/lennart/Dev/test/ros2_robothands/src/ros2_sensor_pkg/install/ros2_sensor_pkg/lib/python3.12/site-packages/ros2_sensor_pkg/ros2_sensor_pkg_s__rosidl_typesupport_introspection_c.so
[3.483s] -- Set non-toolchain portion of runtime path of "/home/lennart/Dev/test/ros2_robothands/src/ros2_sensor_pkg/install/ros2_sensor_pkg/lib/python3.12/site-packages/ros2_sensor_pkg/ros2_sensor_pkg_s__rosidl_typesupport_introspection_c.so" to ""
[3.483s] -- Installing: /home/lennart/Dev/test/ros2_robothands/src/ros2_sensor_pkg/install/ros2_sensor_pkg/lib/python3.12/site-packages/ros2_sensor_pkg/ros2_sensor_pkg_s__rosidl_typesupport_c.so
[3.483s] -- Set non-toolchain portion of runtime path of "/home/lennart/Dev/test/ros2_robothands/src/ros2_sensor_pkg/install/ros2_sensor_pkg/lib/python3.12/site-packages/ros2_sensor_pkg/ros2_sensor_pkg_s__rosidl_typesupport_c.so" to ""
[3.483s] -- Installing: /home/lennart/Dev/test/ros2_robothands/src/ros2_sensor_pkg/install/ros2_sensor_pkg/lib/libros2_sensor_pkg__rosidl_generator_py.so
[3.484s] -- Set non-toolchain portion of runtime path of "/home/lennart/Dev/test/ros2_robothands/src/ros2_sensor_pkg/install/ros2_sensor_pkg/lib/libros2_sensor_pkg__rosidl_generator_py.so" to ""
[3.484s] -- Installing: /home/lennart/Dev/test/ros2_robothands/src/ros2_sensor_pkg/install/ros2_sensor_pkg/share/ament_index/resource_index/rust_packages/ros2_sensor_pkg
[3.484s] -- Installing: /home/lennart/Dev/test/ros2_robothands/src/ros2_sensor_pkg/install/ros2_sensor_pkg/share/ros2_sensor_pkg/rust
[3.484s] -- Installing: /home/lennart/Dev/test/ros2_robothands/src/ros2_sensor_pkg/install/ros2_sensor_pkg/share/ros2_sensor_pkg/rust/Cargo.toml
[3.484s] -- Installing: /home/lennart/Dev/test/ros2_robothands/src/ros2_sensor_pkg/install/ros2_sensor_pkg/share/ros2_sensor_pkg/rust/build.rs
[3.484s] -- Installing: /home/lennart/Dev/test/ros2_robothands/src/ros2_sensor_pkg/install/ros2_sensor_pkg/share/ros2_sensor_pkg/rust/src
[3.484s] -- Installing: /home/lennart/Dev/test/ros2_robothands/src/ros2_sensor_pkg/install/ros2_sensor_pkg/share/ros2_sensor_pkg/rust/src/msg.rs
[3.484s] -- Installing: /home/lennart/Dev/test/ros2_robothands/src/ros2_sensor_pkg/install/ros2_sensor_pkg/share/ros2_sensor_pkg/rust/src/msg
[3.484s] -- Installing: /home/lennart/Dev/test/ros2_robothands/src/ros2_sensor_pkg/install/ros2_sensor_pkg/share/ros2_sensor_pkg/rust/src/msg/rmw.rs
[3.484s] -- Installing: /home/lennart/Dev/test/ros2_robothands/src/ros2_sensor_pkg/install/ros2_sensor_pkg/share/ros2_sensor_pkg/rust/src/lib.rs
[3.484s] -- Installing: /home/lennart/Dev/test/ros2_robothands/src/ros2_sensor_pkg/install/ros2_sensor_pkg/share/ros2_sensor_pkg/msg/LoneSensor.idl
[3.484s] -- Installing: /home/lennart/Dev/test/ros2_robothands/src/ros2_sensor_pkg/install/ros2_sensor_pkg/share/ros2_sensor_pkg/msg/AllSensors.idl
[3.484s] -- Installing: /home/lennart/Dev/test/ros2_robothands/src/ros2_sensor_pkg/install/ros2_sensor_pkg/share/ros2_sensor_pkg/msg/SensorUserCommand.idl
[3.484s] -- Installing: /home/lennart/Dev/test/ros2_robothands/src/ros2_sensor_pkg/install/ros2_sensor_pkg/share/ros2_sensor_pkg/msg/LoneSensor.msg
[3.484s] -- Installing: /home/lennart/Dev/test/ros2_robothands/src/ros2_sensor_pkg/install/ros2_sensor_pkg/share/ros2_sensor_pkg/msg/AllSensors.msg
[3.484s] -- Installing: /home/lennart/Dev/test/ros2_robothands/src/ros2_sensor_pkg/install/ros2_sensor_pkg/share/ros2_sensor_pkg/msg/SensorUserCommand.msg
[3.484s] -- Installing: /home/lennart/Dev/test/ros2_robothands/src/ros2_sensor_pkg/install/ros2_sensor_pkg/lib/ros2_sensor_pkg/read_publish_sensor_node.py
[3.486s] -- Installing: /home/lennart/Dev/test/ros2_robothands/src/ros2_sensor_pkg/install/ros2_sensor_pkg/lib/ros2_sensor_pkg/user_sample_1_read_values.py
[3.486s] -- Installing: /home/lennart/Dev/test/ros2_robothands/src/ros2_sensor_pkg/install/ros2_sensor_pkg/lib/ros2_sensor_pkg/user_sample_2_abs_pitch_yaw.py
[3.486s] -- Installing: /home/lennart/Dev/test/ros2_robothands/src/ros2_sensor_pkg/install/ros2_sensor_pkg/lib/ros2_sensor_pkg/user_sample_3_setfreq_calibrate.py
[3.486s] -- Installing: /home/lennart/Dev/test/ros2_robothands/src/ros2_sensor_pkg/install/ros2_sensor_pkg/lib/ros2_sensor_pkg/user_sample_4_diagnosis_request.py
[3.486s] -- Installing: /home/lennart/Dev/test/ros2_robothands/src/ros2_sensor_pkg/install/ros2_sensor_pkg/share/ros2_sensor_pkg/launch
[3.486s] -- Installing: /home/lennart/Dev/test/ros2_robothands/src/ros2_sensor_pkg/install/ros2_sensor_pkg/share/ros2_sensor_pkg/launch/Sensors.launch.py
[3.486s] -- Installing: /home/lennart/Dev/test/ros2_robothands/src/ros2_sensor_pkg/install/ros2_sensor_pkg/share/ros2_sensor_pkg/config
[3.486s] -- Installing: /home/lennart/Dev/test/ros2_robothands/src/ros2_sensor_pkg/install/ros2_sensor_pkg/share/ros2_sensor_pkg/config/sensors_left.yaml
[3.486s] -- Installing: /home/lennart/Dev/test/ros2_robothands/src/ros2_sensor_pkg/install/ros2_sensor_pkg/share/ros2_sensor_pkg/config/sensors_right.yaml
[3.486s] -- Installing: /home/lennart/Dev/test/ros2_robothands/src/ros2_sensor_pkg/install/ros2_sensor_pkg/share/ament_index/resource_index/package_run_dependencies/ros2_sensor_pkg
[3.486s] -- Installing: /home/lennart/Dev/test/ros2_robothands/src/ros2_sensor_pkg/install/ros2_sensor_pkg/share/ament_index/resource_index/parent_prefix_path/ros2_sensor_pkg
[3.486s] -- Installing: /home/lennart/Dev/test/ros2_robothands/src/ros2_sensor_pkg/install/ros2_sensor_pkg/share/ros2_sensor_pkg/environment/ament_prefix_path.sh
[3.486s] -- Installing: /home/lennart/Dev/test/ros2_robothands/src/ros2_sensor_pkg/install/ros2_sensor_pkg/share/ros2_sensor_pkg/environment/ament_prefix_path.dsv
[3.487s] -- Installing: /home/lennart/Dev/test/ros2_robothands/src/ros2_sensor_pkg/install/ros2_sensor_pkg/share/ros2_sensor_pkg/environment/path.sh
[3.487s] -- Installing: /home/lennart/Dev/test/ros2_robothands/src/ros2_sensor_pkg/install/ros2_sensor_pkg/share/ros2_sensor_pkg/environment/path.dsv
[3.487s] -- Installing: /home/lennart/Dev/test/ros2_robothands/src/ros2_sensor_pkg/install/ros2_sensor_pkg/share/ros2_sensor_pkg/local_setup.bash
[3.487s] -- Installing: /home/lennart/Dev/test/ros2_robothands/src/ros2_sensor_pkg/install/ros2_sensor_pkg/share/ros2_sensor_pkg/local_setup.sh
[3.487s] -- Installing: /home/lennart/Dev/test/ros2_robothands/src/ros2_sensor_pkg/install/ros2_sensor_pkg/share/ros2_sensor_pkg/local_setup.zsh
[3.487s] -- Installing: /home/lennart/Dev/test/ros2_robothands/src/ros2_sensor_pkg/install/ros2_sensor_pkg/share/ros2_sensor_pkg/local_setup.dsv
[3.487s] -- Installing: /home/lennart/Dev/test/ros2_robothands/src/ros2_sensor_pkg/install/ros2_sensor_pkg/share/ros2_sensor_pkg/package.dsv
[3.487s] -- Installing: /home/lennart/Dev/test/ros2_robothands/src/ros2_sensor_pkg/install/ros2_sensor_pkg/share/ament_index/resource_index/packages/ros2_sensor_pkg
[3.487s] -- Installing: /home/lennart/Dev/test/ros2_robothands/src/ros2_sensor_pkg/install/ros2_sensor_pkg/share/ros2_sensor_pkg/cmake/export_ros2_sensor_pkg__rosidl_generator_cExport.cmake
[3.487s] -- Installing: /home/lennart/Dev/test/ros2_robothands/src/ros2_sensor_pkg/install/ros2_sensor_pkg/share/ros2_sensor_pkg/cmake/export_ros2_sensor_pkg__rosidl_generator_cExport-noconfig.cmake
[3.487s] -- Installing: /home/lennart/Dev/test/ros2_robothands/src/ros2_sensor_pkg/install/ros2_sensor_pkg/share/ros2_sensor_pkg/cmake/export_ros2_sensor_pkg__rosidl_typesupport_fastrtps_cExport.cmake
[3.487s] -- Installing: /home/lennart/Dev/test/ros2_robothands/src/ros2_sensor_pkg/install/ros2_sensor_pkg/share/ros2_sensor_pkg/cmake/export_ros2_sensor_pkg__rosidl_typesupport_fastrtps_cExport-noconfig.cmake
[3.487s] -- Installing: /home/lennart/Dev/test/ros2_robothands/src/ros2_sensor_pkg/install/ros2_sensor_pkg/share/ros2_sensor_pkg/cmake/ros2_sensor_pkg__rosidl_typesupport_introspection_cExport.cmake
[3.487s] -- Installing: /home/lennart/Dev/test/ros2_robothands/src/ros2_sensor_pkg/install/ros2_sensor_pkg/share/ros2_sensor_pkg/cmake/ros2_sensor_pkg__rosidl_typesupport_introspection_cExport-noconfig.cmake
[3.487s] -- Installing: /home/lennart/Dev/test/ros2_robothands/src/ros2_sensor_pkg/install/ros2_sensor_pkg/share/ros2_sensor_pkg/cmake/ros2_sensor_pkg__rosidl_typesupport_cExport.cmake
[3.487s] -- Installing: /home/lennart/Dev/test/ros2_robothands/src/ros2_sensor_pkg/install/ros2_sensor_pkg/share/ros2_sensor_pkg/cmake/ros2_sensor_pkg__rosidl_typesupport_cExport-noconfig.cmake
[3.487s] -- Installing: /home/lennart/Dev/test/ros2_robothands/src/ros2_sensor_pkg/install/ros2_sensor_pkg/share/ros2_sensor_pkg/cmake/export_ros2_sensor_pkg__rosidl_generator_cppExport.cmake
[3.487s] -- Installing: /home/lennart/Dev/test/ros2_robothands/src/ros2_sensor_pkg/install/ros2_sensor_pkg/share/ros2_sensor_pkg/cmake/export_ros2_sensor_pkg__rosidl_typesupport_fastrtps_cppExport.cmake
[3.487s] -- Installing: /home/lennart/Dev/test/ros2_robothands/src/ros2_sensor_pkg/install/ros2_sensor_pkg/share/ros2_sensor_pkg/cmake/export_ros2_sensor_pkg__rosidl_typesupport_fastrtps_cppExport-noconfig.cmake
[3.487s] -- Installing: /home/lennart/Dev/test/ros2_robothands/src/ros2_sensor_pkg/install/ros2_sensor_pkg/share/ros2_sensor_pkg/cmake/ros2_sensor_pkg__rosidl_typesupport_introspection_cppExport.cmake
[3.487s] -- Installing: /home/lennart/Dev/test/ros2_robothands/src/ros2_sensor_pkg/install/ros2_sensor_pkg/share/ros2_sensor_pkg/cmake/ros2_sensor_pkg__rosidl_typesupport_introspection_cppExport-noconfig.cmake
[3.488s] -- Installing: /home/lennart/Dev/test/ros2_robothands/src/ros2_sensor_pkg/install/ros2_sensor_pkg/share/ros2_sensor_pkg/cmake/ros2_sensor_pkg__rosidl_typesupport_cppExport.cmake
[3.488s] -- Installing: /home/lennart/Dev/test/ros2_robothands/src/ros2_sensor_pkg/install/ros2_sensor_pkg/share/ros2_sensor_pkg/cmake/ros2_sensor_pkg__rosidl_typesupport_cppExport-noconfig.cmake
[3.488s] -- Installing: /home/lennart/Dev/test/ros2_robothands/src/ros2_sensor_pkg/install/ros2_sensor_pkg/share/ros2_sensor_pkg/cmake/export_ros2_sensor_pkg__rosidl_generator_pyExport.cmake
[3.488s] -- Installing: /home/lennart/Dev/test/ros2_robothands/src/ros2_sensor_pkg/install/ros2_sensor_pkg/share/ros2_sensor_pkg/cmake/export_ros2_sensor_pkg__rosidl_generator_pyExport-noconfig.cmake
[3.488s] -- Installing: /home/lennart/Dev/test/ros2_robothands/src/ros2_sensor_pkg/install/ros2_sensor_pkg/share/ros2_sensor_pkg/cmake/rosidl_cmake-extras.cmake
[3.488s] -- Installing: /home/lennart/Dev/test/ros2_robothands/src/ros2_sensor_pkg/install/ros2_sensor_pkg/share/ros2_sensor_pkg/cmake/ament_cmake_export_dependencies-extras.cmake
[3.488s] -- Installing: /home/lennart/Dev/test/ros2_robothands/src/ros2_sensor_pkg/install/ros2_sensor_pkg/share/ros2_sensor_pkg/cmake/ament_cmake_export_include_directories-extras.cmake
[3.488s] -- Installing: /home/lennart/Dev/test/ros2_robothands/src/ros2_sensor_pkg/install/ros2_sensor_pkg/share/ros2_sensor_pkg/cmake/ament_cmake_export_libraries-extras.cmake
[3.488s] -- Installing: /home/lennart/Dev/test/ros2_robothands/src/ros2_sensor_pkg/install/ros2_sensor_pkg/share/ros2_sensor_pkg/cmake/ament_cmake_export_targets-extras.cmake
[3.488s] -- Installing: /home/lennart/Dev/test/ros2_robothands/src/ros2_sensor_pkg/install/ros2_sensor_pkg/share/ros2_sensor_pkg/cmake/rosidl_cmake_export_typesupport_targets-extras.cmake
[3.488s] -- Installing: /home/lennart/Dev/test/ros2_robothands/src/ros2_sensor_pkg/install/ros2_sensor_pkg/share/ros2_sensor_pkg/cmake/rosidl_cmake_export_typesupport_libraries-extras.cmake
[3.488s] -- Installing: /home/lennart/Dev/test/ros2_robothands/src/ros2_sensor_pkg/install/ros2_sensor_pkg/share/ros2_sensor_pkg/cmake/ros2_sensor_pkgConfig.cmake
[3.488s] -- Installing: /home/lennart/Dev/test/ros2_robothands/src/ros2_sensor_pkg/install/ros2_sensor_pkg/share/ros2_sensor_pkg/cmake/ros2_sensor_pkgConfig-version.cmake
[3.488s] -- Installing: /home/lennart/Dev/test/ros2_robothands/src/ros2_sensor_pkg/install/ros2_sensor_pkg/share/ros2_sensor_pkg/package.xml
[3.489s] Invoked command in '/home/lennart/Dev/test/ros2_robothands/src/ros2_sensor_pkg/build/ros2_sensor_pkg' returned '0': CMAKE_PREFIX_PATH=${CMAKE_PREFIX_PATH}:/opt/ros/jazzy DEBUGINFOD_URLS=https://debuginfod.ubuntu.com /usr/bin/cmake --install /home/lennart/Dev/test/ros2_robothands/src/ros2_sensor_pkg/build/ros2_sensor_pkg
