[0.052s] DEBUG:colcon:Command line arguments: ['/usr/bin/colcon', 'build']
[0.053s] DEBUG:colcon:Parsed command line arguments: Namespace(log_base=None, log_level=None, verb_name='build', build_base='build', install_base='install', merge_install=False, symlink_install=False, test_result_base=None, continue_on_error=False, executor='parallel', parallel_workers=16, event_handlers=None, ignore_user_meta=False, metas=['./colcon.meta'], base_paths=['.'], packages_ignore=None, packages_ignore_regex=None, paths=None, packages_up_to=None, packages_up_to_regex=None, packages_above=None, packages_above_and_dependencies=None, packages_above_depth=None, packages_select_by_dep=None, packages_skip_by_dep=None, packages_skip_up_to=None, packages_select_build_failed=False, packages_skip_build_finished=False, packages_select_test_failures=False, packages_skip_test_passed=False, packages_select=None, packages_skip=None, packages_select_regex=None, packages_skip_regex=None, packages_start=None, packages_end=None, allow_overriding=[], cmake_args=None, cmake_target=None, cmake_target_skip_unavailable=False, cmake_clean_cache=False, cmake_clean_first=False, cmake_force_configure=False, ament_cmake_args=None, catkin_cmake_args=None, catkin_skip_building_tests=False, mixin_files=None, mixin=None, verb_parser=<colcon_mixin.mixin.mixin_argument.MixinArgumentDecorator object at 0x7f3313ca27e0>, verb_extension=<colcon_core.verb.build.BuildVerb object at 0x7f3313ca2120>, main=<bound method BuildVerb.main of <colcon_core.verb.build.BuildVerb object at 0x7f3313ca2120>>, mixin_verb=('build',))
[0.072s] Level 1:colcon.colcon_core.package_discovery:discover_packages(colcon_meta) check parameters
[0.072s] Level 1:colcon.colcon_core.package_discovery:discover_packages(recursive) check parameters
[0.072s] Level 1:colcon.colcon_core.package_discovery:discover_packages(ignore) check parameters
[0.072s] Level 1:colcon.colcon_core.package_discovery:discover_packages(path) check parameters
[0.072s] Level 1:colcon.colcon_core.package_discovery:discover_packages(colcon_meta) discover
[0.072s] Level 1:colcon.colcon_core.package_discovery:discover_packages(recursive) discover
[0.072s] INFO:colcon.colcon_core.package_discovery:Crawling recursively for packages in '/home/lennart/Dev/test/ros2_robothands/src/ros2_sensor_pkg'
[0.072s] Level 1:colcon.colcon_core.package_identification:_identify(.) by extensions ['ignore', 'ignore_ament_install']
[0.072s] Level 1:colcon.colcon_core.package_identification:_identify(.) by extension 'ignore'
[0.072s] Level 1:colcon.colcon_core.package_identification:_identify(.) by extension 'ignore_ament_install'
[0.072s] Level 1:colcon.colcon_core.package_identification:_identify(.) by extensions ['colcon_pkg']
[0.072s] Level 1:colcon.colcon_core.package_identification:_identify(.) by extension 'colcon_pkg'
[0.072s] Level 1:colcon.colcon_core.package_identification:_identify(.) by extensions ['colcon_meta']
[0.072s] Level 1:colcon.colcon_core.package_identification:_identify(.) by extension 'colcon_meta'
[0.072s] Level 1:colcon.colcon_core.package_identification:_identify(.) by extensions ['ros']
[0.072s] Level 1:colcon.colcon_core.package_identification:_identify(.) by extension 'ros'
[0.086s] DEBUG:colcon.colcon_core.package_identification:Package '.' with type 'ros.ament_cmake' and name 'ros2_sensor_pkg'
[0.086s] Level 1:colcon.colcon_core.package_discovery:discover_packages(recursive) using defaults
[0.086s] Level 1:colcon.colcon_core.package_discovery:discover_packages(ignore) discover
[0.087s] Level 1:colcon.colcon_core.package_discovery:discover_packages(ignore) using defaults
[0.087s] Level 1:colcon.colcon_core.package_discovery:discover_packages(path) discover
[0.087s] Level 1:colcon.colcon_core.package_discovery:discover_packages(path) using defaults
[0.095s] Level 1:colcon.colcon_core.package_discovery:discover_packages(prefix_path) check parameters
[0.096s] Level 1:colcon.colcon_core.package_discovery:discover_packages(prefix_path) discover
[0.097s] DEBUG:colcon.colcon_installed_package_information.package_discovery:Found 435 installed packages in /opt/ros/jazzy
[0.098s] Level 1:colcon.colcon_core.package_discovery:discover_packages(prefix_path) using defaults
[0.122s] Level 5:colcon.colcon_core.verb:set package 'ros2_sensor_pkg' build argument 'cmake_args' from command line to 'None'
[0.122s] Level 5:colcon.colcon_core.verb:set package 'ros2_sensor_pkg' build argument 'cmake_target' from command line to 'None'
[0.122s] Level 5:colcon.colcon_core.verb:set package 'ros2_sensor_pkg' build argument 'cmake_target_skip_unavailable' from command line to 'False'
[0.122s] Level 5:colcon.colcon_core.verb:set package 'ros2_sensor_pkg' build argument 'cmake_clean_cache' from command line to 'False'
[0.122s] Level 5:colcon.colcon_core.verb:set package 'ros2_sensor_pkg' build argument 'cmake_clean_first' from command line to 'False'
[0.122s] Level 5:colcon.colcon_core.verb:set package 'ros2_sensor_pkg' build argument 'cmake_force_configure' from command line to 'False'
[0.122s] Level 5:colcon.colcon_core.verb:set package 'ros2_sensor_pkg' build argument 'ament_cmake_args' from command line to 'None'
[0.122s] Level 5:colcon.colcon_core.verb:set package 'ros2_sensor_pkg' build argument 'catkin_cmake_args' from command line to 'None'
[0.122s] Level 5:colcon.colcon_core.verb:set package 'ros2_sensor_pkg' build argument 'catkin_skip_building_tests' from command line to 'False'
[0.122s] DEBUG:colcon.colcon_core.verb:Building package 'ros2_sensor_pkg' with the following arguments: {'ament_cmake_args': None, 'build_base': '/home/lennart/Dev/test/ros2_robothands/src/ros2_sensor_pkg/build/ros2_sensor_pkg', 'catkin_cmake_args': None, 'catkin_skip_building_tests': False, 'cmake_args': None, 'cmake_clean_cache': False, 'cmake_clean_first': False, 'cmake_force_configure': False, 'cmake_target': None, 'cmake_target_skip_unavailable': False, 'install_base': '/home/lennart/Dev/test/ros2_robothands/src/ros2_sensor_pkg/install/ros2_sensor_pkg', 'merge_install': False, 'path': '/home/lennart/Dev/test/ros2_robothands/src/ros2_sensor_pkg', 'symlink_install': False, 'test_result_base': None}
[0.122s] INFO:colcon.colcon_core.executor:Executing jobs using 'parallel' executor
[0.123s] DEBUG:colcon.colcon_parallel_executor.executor.parallel:run_until_complete
[0.123s] INFO:colcon.colcon_ros.task.ament_cmake.build:Building ROS package in '/home/lennart/Dev/test/ros2_robothands/src/ros2_sensor_pkg' with build type 'ament_cmake'
[0.123s] INFO:colcon.colcon_cmake.task.cmake.build:Building CMake package in '/home/lennart/Dev/test/ros2_robothands/src/ros2_sensor_pkg'
[0.124s] INFO:colcon.colcon_core.plugin_system:Skipping extension 'colcon_core.shell.bat': Not used on non-Windows systems
[0.124s] INFO:colcon.colcon_core.shell:Skip shell extension 'powershell' for command environment: Not usable outside of PowerShell
[0.124s] DEBUG:colcon.colcon_core.shell:Skip shell extension 'dsv' for command environment
[0.129s] DEBUG:colcon.colcon_core.event_handler.log_command:Invoking command in '/home/lennart/Dev/test/ros2_robothands/src/ros2_sensor_pkg/build/ros2_sensor_pkg': CMAKE_PREFIX_PATH=${CMAKE_PREFIX_PATH}:/opt/ros/jazzy DEBUGINFOD_URLS=https://debuginfod.ubuntu.com /usr/bin/cmake /home/lennart/Dev/test/ros2_robothands/src/ros2_sensor_pkg -DCMAKE_INSTALL_PREFIX=/home/lennart/Dev/test/ros2_robothands/src/ros2_sensor_pkg/install/ros2_sensor_pkg
[1.950s] DEBUG:colcon.colcon_core.event_handler.log_command:Invoked command in '/home/lennart/Dev/test/ros2_robothands/src/ros2_sensor_pkg/build/ros2_sensor_pkg' returned '0': CMAKE_PREFIX_PATH=${CMAKE_PREFIX_PATH}:/opt/ros/jazzy DEBUGINFOD_URLS=https://debuginfod.ubuntu.com /usr/bin/cmake /home/lennart/Dev/test/ros2_robothands/src/ros2_sensor_pkg -DCMAKE_INSTALL_PREFIX=/home/lennart/Dev/test/ros2_robothands/src/ros2_sensor_pkg/install/ros2_sensor_pkg
[1.951s] DEBUG:colcon.colcon_core.event_handler.log_command:Invoking command in '/home/lennart/Dev/test/ros2_robothands/src/ros2_sensor_pkg/build/ros2_sensor_pkg': CMAKE_PREFIX_PATH=${CMAKE_PREFIX_PATH}:/opt/ros/jazzy DEBUGINFOD_URLS=https://debuginfod.ubuntu.com /usr/bin/cmake --build /home/lennart/Dev/test/ros2_robothands/src/ros2_sensor_pkg/build/ros2_sensor_pkg -- -j16 -l16
[3.562s] DEBUG:colcon.colcon_core.event_handler.log_command:Invoked command in '/home/lennart/Dev/test/ros2_robothands/src/ros2_sensor_pkg/build/ros2_sensor_pkg' returned '0': CMAKE_PREFIX_PATH=${CMAKE_PREFIX_PATH}:/opt/ros/jazzy DEBUGINFOD_URLS=https://debuginfod.ubuntu.com /usr/bin/cmake --build /home/lennart/Dev/test/ros2_robothands/src/ros2_sensor_pkg/build/ros2_sensor_pkg -- -j16 -l16
[3.568s] DEBUG:colcon.colcon_core.event_handler.log_command:Invoking command in '/home/lennart/Dev/test/ros2_robothands/src/ros2_sensor_pkg/build/ros2_sensor_pkg': CMAKE_PREFIX_PATH=${CMAKE_PREFIX_PATH}:/opt/ros/jazzy DEBUGINFOD_URLS=https://debuginfod.ubuntu.com /usr/bin/cmake --install /home/lennart/Dev/test/ros2_robothands/src/ros2_sensor_pkg/build/ros2_sensor_pkg
[3.613s] Level 1:colcon.colcon_core.environment:create_environment_scripts_only(ros2_sensor_pkg)
[3.613s] DEBUG:colcon.colcon_core.event_handler.log_command:Invoked command in '/home/lennart/Dev/test/ros2_robothands/src/ros2_sensor_pkg/build/ros2_sensor_pkg' returned '0': CMAKE_PREFIX_PATH=${CMAKE_PREFIX_PATH}:/opt/ros/jazzy DEBUGINFOD_URLS=https://debuginfod.ubuntu.com /usr/bin/cmake --install /home/lennart/Dev/test/ros2_robothands/src/ros2_sensor_pkg/build/ros2_sensor_pkg
[3.614s] Level 1:colcon.colcon_core.environment:checking '/home/lennart/Dev/test/ros2_robothands/src/ros2_sensor_pkg/install/ros2_sensor_pkg' for CMake module files
[3.614s] Level 1:colcon.colcon_core.environment:checking '/home/lennart/Dev/test/ros2_robothands/src/ros2_sensor_pkg/install/ros2_sensor_pkg' for CMake config files
[3.615s] Level 1:colcon.colcon_core.shell:create_environment_hook('ros2_sensor_pkg', 'cmake_prefix_path')
[3.615s] INFO:colcon.colcon_core.shell:Creating environment hook '/home/lennart/Dev/test/ros2_robothands/src/ros2_sensor_pkg/install/ros2_sensor_pkg/share/ros2_sensor_pkg/hook/cmake_prefix_path.ps1'
[3.615s] INFO:colcon.colcon_core.shell:Creating environment descriptor '/home/lennart/Dev/test/ros2_robothands/src/ros2_sensor_pkg/install/ros2_sensor_pkg/share/ros2_sensor_pkg/hook/cmake_prefix_path.dsv'
[3.615s] INFO:colcon.colcon_core.shell:Creating environment hook '/home/lennart/Dev/test/ros2_robothands/src/ros2_sensor_pkg/install/ros2_sensor_pkg/share/ros2_sensor_pkg/hook/cmake_prefix_path.sh'
[3.616s] Level 1:colcon.colcon_core.environment:checking '/home/lennart/Dev/test/ros2_robothands/src/ros2_sensor_pkg/install/ros2_sensor_pkg/lib'
[3.616s] Level 1:colcon.colcon_core.shell:create_environment_hook('ros2_sensor_pkg', 'ld_library_path_lib')
[3.616s] INFO:colcon.colcon_core.shell:Creating environment hook '/home/lennart/Dev/test/ros2_robothands/src/ros2_sensor_pkg/install/ros2_sensor_pkg/share/ros2_sensor_pkg/hook/ld_library_path_lib.ps1'
[3.616s] INFO:colcon.colcon_core.shell:Creating environment descriptor '/home/lennart/Dev/test/ros2_robothands/src/ros2_sensor_pkg/install/ros2_sensor_pkg/share/ros2_sensor_pkg/hook/ld_library_path_lib.dsv'
[3.616s] INFO:colcon.colcon_core.shell:Creating environment hook '/home/lennart/Dev/test/ros2_robothands/src/ros2_sensor_pkg/install/ros2_sensor_pkg/share/ros2_sensor_pkg/hook/ld_library_path_lib.sh'
[3.617s] Level 1:colcon.colcon_core.environment:checking '/home/lennart/Dev/test/ros2_robothands/src/ros2_sensor_pkg/install/ros2_sensor_pkg/bin'
[3.617s] Level 1:colcon.colcon_core.environment:checking '/home/lennart/Dev/test/ros2_robothands/src/ros2_sensor_pkg/install/ros2_sensor_pkg/lib/pkgconfig/ros2_sensor_pkg.pc'
[3.617s] Level 1:colcon.colcon_core.environment:checking '/home/lennart/Dev/test/ros2_robothands/src/ros2_sensor_pkg/install/ros2_sensor_pkg/lib/python3.12/site-packages'
[3.617s] Level 1:colcon.colcon_core.shell:create_environment_hook('ros2_sensor_pkg', 'pythonpath')
[3.617s] INFO:colcon.colcon_core.shell:Creating environment hook '/home/lennart/Dev/test/ros2_robothands/src/ros2_sensor_pkg/install/ros2_sensor_pkg/share/ros2_sensor_pkg/hook/pythonpath.ps1'
[3.617s] INFO:colcon.colcon_core.shell:Creating environment descriptor '/home/lennart/Dev/test/ros2_robothands/src/ros2_sensor_pkg/install/ros2_sensor_pkg/share/ros2_sensor_pkg/hook/pythonpath.dsv'
[3.617s] INFO:colcon.colcon_core.shell:Creating environment hook '/home/lennart/Dev/test/ros2_robothands/src/ros2_sensor_pkg/install/ros2_sensor_pkg/share/ros2_sensor_pkg/hook/pythonpath.sh'
[3.617s] Level 1:colcon.colcon_core.environment:checking '/home/lennart/Dev/test/ros2_robothands/src/ros2_sensor_pkg/install/ros2_sensor_pkg/bin'
[3.618s] INFO:colcon.colcon_core.shell:Creating package script '/home/lennart/Dev/test/ros2_robothands/src/ros2_sensor_pkg/install/ros2_sensor_pkg/share/ros2_sensor_pkg/package.ps1'
[3.618s] INFO:colcon.colcon_core.shell:Creating package descriptor '/home/lennart/Dev/test/ros2_robothands/src/ros2_sensor_pkg/install/ros2_sensor_pkg/share/ros2_sensor_pkg/package.dsv'
[3.618s] INFO:colcon.colcon_core.shell:Creating package script '/home/lennart/Dev/test/ros2_robothands/src/ros2_sensor_pkg/install/ros2_sensor_pkg/share/ros2_sensor_pkg/package.sh'
[3.619s] INFO:colcon.colcon_core.shell:Creating package script '/home/lennart/Dev/test/ros2_robothands/src/ros2_sensor_pkg/install/ros2_sensor_pkg/share/ros2_sensor_pkg/package.bash'
[3.619s] INFO:colcon.colcon_core.shell:Creating package script '/home/lennart/Dev/test/ros2_robothands/src/ros2_sensor_pkg/install/ros2_sensor_pkg/share/ros2_sensor_pkg/package.zsh'
[3.619s] Level 1:colcon.colcon_core.environment:create_file_with_runtime_dependencies(/home/lennart/Dev/test/ros2_robothands/src/ros2_sensor_pkg/install/ros2_sensor_pkg/share/colcon-core/packages/ros2_sensor_pkg)
[3.619s] Level 1:colcon.colcon_core.environment:create_environment_scripts_only(ros2_sensor_pkg)
[3.619s] Level 1:colcon.colcon_core.environment:checking '/home/lennart/Dev/test/ros2_robothands/src/ros2_sensor_pkg/install/ros2_sensor_pkg' for CMake module files
[3.620s] Level 1:colcon.colcon_core.environment:checking '/home/lennart/Dev/test/ros2_robothands/src/ros2_sensor_pkg/install/ros2_sensor_pkg' for CMake config files
[3.620s] Level 1:colcon.colcon_core.shell:create_environment_hook('ros2_sensor_pkg', 'cmake_prefix_path')
[3.620s] INFO:colcon.colcon_core.shell:Creating environment hook '/home/lennart/Dev/test/ros2_robothands/src/ros2_sensor_pkg/install/ros2_sensor_pkg/share/ros2_sensor_pkg/hook/cmake_prefix_path.ps1'
[3.620s] INFO:colcon.colcon_core.shell:Creating environment descriptor '/home/lennart/Dev/test/ros2_robothands/src/ros2_sensor_pkg/install/ros2_sensor_pkg/share/ros2_sensor_pkg/hook/cmake_prefix_path.dsv'
[3.620s] INFO:colcon.colcon_core.shell:Creating environment hook '/home/lennart/Dev/test/ros2_robothands/src/ros2_sensor_pkg/install/ros2_sensor_pkg/share/ros2_sensor_pkg/hook/cmake_prefix_path.sh'
[3.621s] Level 1:colcon.colcon_core.environment:checking '/home/lennart/Dev/test/ros2_robothands/src/ros2_sensor_pkg/install/ros2_sensor_pkg/lib'
[3.621s] Level 1:colcon.colcon_core.shell:create_environment_hook('ros2_sensor_pkg', 'ld_library_path_lib')
[3.621s] INFO:colcon.colcon_core.shell:Creating environment hook '/home/lennart/Dev/test/ros2_robothands/src/ros2_sensor_pkg/install/ros2_sensor_pkg/share/ros2_sensor_pkg/hook/ld_library_path_lib.ps1'
[3.621s] INFO:colcon.colcon_core.shell:Creating environment descriptor '/home/lennart/Dev/test/ros2_robothands/src/ros2_sensor_pkg/install/ros2_sensor_pkg/share/ros2_sensor_pkg/hook/ld_library_path_lib.dsv'
[3.621s] INFO:colcon.colcon_core.shell:Creating environment hook '/home/lennart/Dev/test/ros2_robothands/src/ros2_sensor_pkg/install/ros2_sensor_pkg/share/ros2_sensor_pkg/hook/ld_library_path_lib.sh'
[3.621s] Level 1:colcon.colcon_core.environment:checking '/home/lennart/Dev/test/ros2_robothands/src/ros2_sensor_pkg/install/ros2_sensor_pkg/bin'
[3.621s] Level 1:colcon.colcon_core.environment:checking '/home/lennart/Dev/test/ros2_robothands/src/ros2_sensor_pkg/install/ros2_sensor_pkg/lib/pkgconfig/ros2_sensor_pkg.pc'
[3.621s] Level 1:colcon.colcon_core.environment:checking '/home/lennart/Dev/test/ros2_robothands/src/ros2_sensor_pkg/install/ros2_sensor_pkg/lib/python3.12/site-packages'
[3.621s] Level 1:colcon.colcon_core.shell:create_environment_hook('ros2_sensor_pkg', 'pythonpath')
[3.621s] INFO:colcon.colcon_core.shell:Creating environment hook '/home/lennart/Dev/test/ros2_robothands/src/ros2_sensor_pkg/install/ros2_sensor_pkg/share/ros2_sensor_pkg/hook/pythonpath.ps1'
[3.622s] INFO:colcon.colcon_core.shell:Creating environment descriptor '/home/lennart/Dev/test/ros2_robothands/src/ros2_sensor_pkg/install/ros2_sensor_pkg/share/ros2_sensor_pkg/hook/pythonpath.dsv'
[3.622s] INFO:colcon.colcon_core.shell:Creating environment hook '/home/lennart/Dev/test/ros2_robothands/src/ros2_sensor_pkg/install/ros2_sensor_pkg/share/ros2_sensor_pkg/hook/pythonpath.sh'
[3.622s] Level 1:colcon.colcon_core.environment:checking '/home/lennart/Dev/test/ros2_robothands/src/ros2_sensor_pkg/install/ros2_sensor_pkg/bin'
[3.622s] INFO:colcon.colcon_core.shell:Creating package script '/home/lennart/Dev/test/ros2_robothands/src/ros2_sensor_pkg/install/ros2_sensor_pkg/share/ros2_sensor_pkg/package.ps1'
[3.623s] INFO:colcon.colcon_core.shell:Creating package descriptor '/home/lennart/Dev/test/ros2_robothands/src/ros2_sensor_pkg/install/ros2_sensor_pkg/share/ros2_sensor_pkg/package.dsv'
[3.623s] INFO:colcon.colcon_core.shell:Creating package script '/home/lennart/Dev/test/ros2_robothands/src/ros2_sensor_pkg/install/ros2_sensor_pkg/share/ros2_sensor_pkg/package.sh'
[3.623s] INFO:colcon.colcon_core.shell:Creating package script '/home/lennart/Dev/test/ros2_robothands/src/ros2_sensor_pkg/install/ros2_sensor_pkg/share/ros2_sensor_pkg/package.bash'
[3.623s] INFO:colcon.colcon_core.shell:Creating package script '/home/lennart/Dev/test/ros2_robothands/src/ros2_sensor_pkg/install/ros2_sensor_pkg/share/ros2_sensor_pkg/package.zsh'
[3.623s] Level 1:colcon.colcon_core.environment:create_file_with_runtime_dependencies(/home/lennart/Dev/test/ros2_robothands/src/ros2_sensor_pkg/install/ros2_sensor_pkg/share/colcon-core/packages/ros2_sensor_pkg)
[3.623s] DEBUG:colcon.colcon_parallel_executor.executor.parallel:closing loop
[3.623s] DEBUG:colcon.colcon_parallel_executor.executor.parallel:loop closed
[3.623s] DEBUG:colcon.colcon_parallel_executor.executor.parallel:run_until_complete finished with '0'
[3.624s] DEBUG:colcon.colcon_core.event_reactor:joining thread
[3.626s] INFO:colcon.colcon_core.plugin_system:Skipping extension 'colcon_notification.desktop_notification.terminal_notifier': Not used on non-Darwin systems
[3.626s] INFO:colcon.colcon_core.plugin_system:Skipping extension 'colcon_notification.desktop_notification.win32': Not used on non-Windows systems
[3.626s] INFO:colcon.colcon_notification.desktop_notification:Sending desktop notification using 'notify2'
[3.634s] DEBUG:colcon.colcon_core.event_reactor:joined thread
[3.634s] INFO:colcon.colcon_core.shell:Creating prefix script '/home/lennart/Dev/test/ros2_robothands/src/ros2_sensor_pkg/install/local_setup.ps1'
[3.635s] INFO:colcon.colcon_core.shell:Creating prefix util module '/home/lennart/Dev/test/ros2_robothands/src/ros2_sensor_pkg/install/_local_setup_util_ps1.py'
[3.635s] INFO:colcon.colcon_core.shell:Creating prefix chain script '/home/lennart/Dev/test/ros2_robothands/src/ros2_sensor_pkg/install/setup.ps1'
[3.636s] INFO:colcon.colcon_core.shell:Creating prefix script '/home/lennart/Dev/test/ros2_robothands/src/ros2_sensor_pkg/install/local_setup.sh'
[3.636s] INFO:colcon.colcon_core.shell:Creating prefix util module '/home/lennart/Dev/test/ros2_robothands/src/ros2_sensor_pkg/install/_local_setup_util_sh.py'
[3.636s] INFO:colcon.colcon_core.shell:Creating prefix chain script '/home/lennart/Dev/test/ros2_robothands/src/ros2_sensor_pkg/install/setup.sh'
[3.637s] INFO:colcon.colcon_core.shell:Creating prefix script '/home/lennart/Dev/test/ros2_robothands/src/ros2_sensor_pkg/install/local_setup.bash'
[3.637s] INFO:colcon.colcon_core.shell:Creating prefix chain script '/home/lennart/Dev/test/ros2_robothands/src/ros2_sensor_pkg/install/setup.bash'
[3.637s] INFO:colcon.colcon_core.shell:Creating prefix script '/home/lennart/Dev/test/ros2_robothands/src/ros2_sensor_pkg/install/local_setup.zsh'
[3.637s] INFO:colcon.colcon_core.shell:Creating prefix chain script '/home/lennart/Dev/test/ros2_robothands/src/ros2_sensor_pkg/install/setup.zsh'
